#
# A fatal error has been detected by the Java Runtime Environment:
#
#  EXCEPTION_ACCESS_VIOLATION (0xc0000005) at pc=0x00000000610030a2, pid=3756, tid=2356
#
# JRE version: Java(TM) SE Runtime Environment (8.0_51-b16) (build 1.8.0_51-b16)
# Java VM: Java HotSpot(TM) 64-Bit Server VM (25.51-b03 mixed mode windows-amd64 compressed oops)
# Problematic frame:
# V  [jvm.dll+0x1430a2]
#
# Failed to write core dump. Minidumps are not enabled by default on client versions of Windows
#
# If you would like to submit a bug report, please visit:
#   http://bugreport.java.com/bugreport/crash.jsp
#

---------------  T H R E A D  ---------------

Current thread (0x00000000022df000):  JavaThread "main" [_thread_in_vm, id=2356, stack(0x0000000002790000,0x0000000002890000)]

siginfo: ExceptionCode=0xc0000005, reading address 0x0000000000000000

Registers:
RAX=0x0000000000000000, RBX=0x00000000022df000, RCX=0x0000000000000f00, RDX=0x0000000000000000
RSP=0x000000000288f590, RBP=0x0000000000000000, RSI=0x0000000000000000, RDI=0x0000000000000000
R8 =0x0000000000000000, R9 =0x00000000000000dd, R10=0x000000000f025e08, R11=0x00000000610e7bb0
R12=0x0000000000000000, R13=0x0000000008573630, R14=0x000000000288f7b8, R15=0x00000000022df000
RIP=0x00000000610030a2, EFLAGS=0x0000000000010202

Top of Stack: (sp=0x000000000288f590)
0x000000000288f590:   000000000814d9e8 0000000000000000
0x000000000288f5a0:   000000000814d2f8 0000000000000000
0x000000000288f5b0:   00000000022df000 0000000000000000
0x000000000288f5c0:   000000000288f6f0 000000000f2b556c
0x000000000288f5d0:   0000000000000000 0000000000000002
0x000000000288f5e0:   0000000082a596e0 000000000288f5e8
0x000000000288f5f0:   0000000082a569f8 0000000082af9628
0x000000000288f600:   00000000000001b0 000000000e2118a0
0x000000000288f610:   0000000000000000 0000000000000073
0x000000000288f620:   000000000288f638 00000000022df1f8
0x000000000288f630:   000000000288f6f0 000000000f33b8b4
0x000000000288f640:   000000000f0174c0 0000000082a3e168
0x000000000288f650:   0000000082af9628 0000000000000028
0x000000000288f660:   00000000d7c6b9b8 00000000081b9ed0
0x000000000288f670:   0000000082abde30 00000000081bd2c8
0x000000000288f680:   0000000000000000 00000000081b9ee0 

Instructions: (pc=0x00000000610030a2)
0x0000000061003082:   89 5c 24 20 48 89 74 24 28 48 39 73 08 74 0a 48
0x0000000061003092:   8d 4c 24 20 e8 15 47 13 00 40 38 35 3e 6c 6b 00
0x00000000610030a2:   48 8b 3f 48 63 05 60 e6 69 00 74 1b 8b 0c 38 85
0x00000000610030b2:   c9 74 7c 8b c1 8b 0d db d6 64 00 48 d3 e0 48 03 


Register to memory mapping:

RAX=0x0000000000000000 is an unknown value
RBX=0x00000000022df000 is a thread
RCX=0x0000000000000f00 is an unknown value
RDX=0x0000000000000000 is an unknown value
RSP=0x000000000288f590 is pointing into the stack for thread: 0x00000000022df000
RBP=0x0000000000000000 is an unknown value
RSI=0x0000000000000000 is an unknown value
RDI=0x0000000000000000 is an unknown value
R8 =0x0000000000000000 is an unknown value
R9 =0x00000000000000dd is an unknown value
R10=0x000000000f025e08 is at code_begin+840 in an Interpreter codelet
method entry point (kind = native)  [0x000000000f025ac0, 0x000000000f026420]  2400 bytes
R11=0x00000000610e7bb0 is an unknown value
R12=0x0000000000000000 is an unknown value
R13={method} {0x0000000008573638} 'openApp' '(Ljava/lang/String;)I' in 'org/sikuli/basics/WinUtil'
R14=0x000000000288f7b8 is pointing into the stack for thread: 0x00000000022df000
R15=0x00000000022df000 is a thread


Stack: [0x0000000002790000,0x0000000002890000],  sp=0x000000000288f590,  free space=1021k
Native frames: (J=compiled Java code, j=interpreted, Vv=VM code, C=native code)

Java frames: (J=compiled Java code, j=interpreted, Vv=VM code)
j  org.sikuli.basics.WinUtil.openApp(Ljava/lang/String;)I+0
j  org.sikuli.script.App.open()Lorg/sikuli/script/App;+19
j  test.BrowserOperations.openBrowser(Ljava/lang/String;)V+14
j  test.Youtube.main([Ljava/lang/String;)V+48
v  ~StubRoutines::call_stub

---------------  P R O C E S S  ---------------

Java Threads: ( => current thread )
  0x000000000bd51800 JavaThread "AWT-Windows" daemon [_thread_in_native, id=1236, stack(0x000000000b670000,0x000000000b770000)]
  0x000000000bd4e000 JavaThread "Java2D Disposer" daemon [_thread_blocked, id=4164, stack(0x000000000ab10000,0x000000000ac10000)]
  0x0000000009b71000 JavaThread "Service Thread" daemon [_thread_blocked, id=4828, stack(0x000000000b7e0000,0x000000000b8e0000)]
  0x0000000009ae5000 JavaThread "C1 CompilerThread3" daemon [_thread_blocked, id=5956, stack(0x000000000b550000,0x000000000b650000)]
  0x0000000009ae4000 JavaThread "C2 CompilerThread2" daemon [_thread_blocked, id=3988, stack(0x000000000b3f0000,0x000000000b4f0000)]
  0x0000000009add000 JavaThread "C2 CompilerThread1" daemon [_thread_blocked, id=1936, stack(0x000000000ad50000,0x000000000ae50000)]
  0x0000000009ad9000 JavaThread "C2 CompilerThread0" daemon [_thread_blocked, id=5832, stack(0x000000000b2b0000,0x000000000b3b0000)]
  0x0000000009ad2800 JavaThread "Attach Listener" daemon [_thread_blocked, id=6072, stack(0x000000000b140000,0x000000000b240000)]
  0x0000000009ad1000 JavaThread "Signal Dispatcher" daemon [_thread_blocked, id=6140, stack(0x000000000afe0000,0x000000000b0e0000)]
  0x0000000008a1e800 JavaThread "Finalizer" daemon [_thread_blocked, id=2004, stack(0x000000000aec0000,0x000000000afc0000)]
  0x0000000008a17800 JavaThread "Reference Handler" daemon [_thread_blocked, id=5284, stack(0x000000000ac20000,0x000000000ad20000)]
=>0x00000000022df000 JavaThread "main" [_thread_in_vm, id=2356, stack(0x0000000002790000,0x0000000002890000)]

Other Threads:
  0x0000000009a83000 VMThread [stack: 0x000000000a9f0000,0x000000000aaf0000] [id=3764]
  0x0000000009b2f000 WatcherThread [stack: 0x000000000b980000,0x000000000ba80000] [id=6116]

VM state:not at safepoint (normal execution)

VM Mutex/Monitor currently owned by a thread: None

Heap:
 PSYoungGen      total 38400K, used 32113K [0x00000000d5e00000, 0x00000000d9700000, 0x0000000100000000)
  eden space 33280K, 96% used [0x00000000d5e00000,0x00000000d7d5c780,0x00000000d7e80000)
  from space 5120K, 0% used [0x00000000d7e80000,0x00000000d7e80000,0x00000000d8380000)
  to   space 5120K, 0% used [0x00000000d9200000,0x00000000d9200000,0x00000000d9700000)
 ParOldGen       total 138240K, used 34016K [0x0000000081a00000, 0x000000008a100000, 0x00000000d5e00000)
  object space 138240K, 24% used [0x0000000081a00000,0x0000000083b38070,0x000000008a100000)
 Metaspace       used 11949K, capacity 12210K, committed 12416K, reserved 1060864K
  class space    used 1291K, capacity 1392K, committed 1408K, reserved 1048576K

Card table byte_map: [0x0000000002c50000,0x0000000003050000] byte_map_base: 0x0000000002843000

Marking Bits: (ParMarkBitMap*) 0x00000000616c4040
 Begin Bits: [0x0000000003d00000, 0x0000000005c98000)
 End Bits:   [0x0000000005c98000, 0x0000000007c30000)

Polling page: 0x0000000000420000

CodeCache: size=245760Kb used=4195Kb max_used=4207Kb free=241564Kb
 bounds [0x000000000f010000, 0x000000000f430000, 0x000000001e010000]
 total_blobs=1602 nmethods=1128 adapters=387
 compilation: enabled

Compilation events (10 events):
Event: 4.665 Thread 0x0000000009ae5000 1123 %     3       com.sun.crypto.provider.GHASH::blockMult @ 59 (155 bytes)
Event: 4.666 Thread 0x0000000009ae5000 nmethod 1123% 0x000000000f4272d0 code [0x000000000f427500, 0x000000000f428148]
Event: 4.819 Thread 0x0000000009ae5000 1124 %     3       com.sun.crypto.provider.GHASH::blockMult @ 40 (155 bytes)
Event: 4.820 Thread 0x0000000009ae5000 nmethod 1124% 0x000000000f4295d0 code [0x000000000f429800, 0x000000000f42a448]
Event: 4.820 Thread 0x0000000009ae5000 1125       3       com.sun.crypto.provider.GHASH::blockMult (155 bytes)
Event: 4.821 Thread 0x0000000009ae5000 nmethod 1125 0x000000000f42ac90 code [0x000000000f42aea0, 0x000000000f42b9e8]
Event: 4.821 Thread 0x0000000009ae4000 1126 %     4       com.sun.crypto.provider.GHASH::blockMult @ 59 (155 bytes)
Event: 4.822 Thread 0x0000000009ae5000 1127       3       com.sun.crypto.provider.GHASH::processBlock (67 bytes)
Event: 4.822 Thread 0x0000000009ae5000 nmethod 1127 0x000000000f426bd0 code [0x000000000f426d60, 0x000000000f4270f8]
Event: 4.844 Thread 0x0000000009ae4000 nmethod 1126% 0x000000000f42f2d0 code [0x000000000f42f420, 0x000000000f42fa78]

GC Heap History (10 events):
Event: 3.147 GC heap before
{Heap before GC invocations=1 (full 0):
 PSYoungGen      total 38400K, used 32181K [0x00000000d5e00000, 0x00000000d8880000, 0x0000000100000000)
  eden space 33280K, 96% used [0x00000000d5e00000,0x00000000d7d6d5a0,0x00000000d7e80000)
  from space 5120K, 0% used [0x00000000d8380000,0x00000000d8380000,0x00000000d8880000)
  to   space 5120K, 0% used [0x00000000d7e80000,0x00000000d7e80000,0x00000000d8380000)
 ParOldGen       total 87552K, used 0K [0x0000000081a00000, 0x0000000086f80000, 0x00000000d5e00000)
  object space 87552K, 0% used [0x0000000081a00000,0x0000000081a00000,0x0000000086f80000)
 Metaspace       used 7621K, capacity 7804K, committed 7808K, reserved 1056768K
  class space    used 826K, capacity 893K, committed 896K, reserved 1048576K
Event: 3.167 GC heap after
Heap after GC invocations=1 (full 0):
 PSYoungGen      total 38400K, used 1715K [0x00000000d5e00000, 0x00000000d8880000, 0x0000000100000000)
  eden space 33280K, 0% used [0x00000000d5e00000,0x00000000d5e00000,0x00000000d7e80000)
  from space 5120K, 33% used [0x00000000d7e80000,0x00000000d802cef0,0x00000000d8380000)
  to   space 5120K, 0% used [0x00000000d8380000,0x00000000d8380000,0x00000000d8880000)
 ParOldGen       total 87552K, used 48608K [0x0000000081a00000, 0x0000000086f80000, 0x00000000d5e00000)
  object space 87552K, 55% used [0x0000000081a00000,0x0000000084978060,0x0000000086f80000)
 Metaspace       used 7621K, capacity 7804K, committed 7808K, reserved 1056768K
  class space    used 826K, capacity 893K, committed 896K, reserved 1048576K
}
Event: 3.167 GC heap before
{Heap before GC invocations=2 (full 1):
 PSYoungGen      total 38400K, used 1715K [0x00000000d5e00000, 0x00000000d8880000, 0x0000000100000000)
  eden space 33280K, 0% used [0x00000000d5e00000,0x00000000d5e00000,0x00000000d7e80000)
  from space 5120K, 33% used [0x00000000d7e80000,0x00000000d802cef0,0x00000000d8380000)
  to   space 5120K, 0% used [0x00000000d8380000,0x00000000d8380000,0x00000000d8880000)
 ParOldGen       total 87552K, used 48608K [0x0000000081a00000, 0x0000000086f80000, 0x00000000d5e00000)
  object space 87552K, 55% used [0x0000000081a00000,0x0000000084978060,0x0000000086f80000)
 Metaspace       used 7621K, capacity 7804K, committed 7808K, reserved 1056768K
  class space    used 826K, capacity 893K, committed 896K, reserved 1048576K
Event: 3.178 GC heap after
Heap after GC invocations=2 (full 1):
 PSYoungGen      total 38400K, used 0K [0x00000000d5e00000, 0x00000000d8880000, 0x0000000100000000)
  eden space 33280K, 0% used [0x00000000d5e00000,0x00000000d5e00000,0x00000000d7e80000)
  from space 5120K, 0% used [0x00000000d7e80000,0x00000000d7e80000,0x00000000d8380000)
  to   space 5120K, 0% used [0x00000000d8380000,0x00000000d8380000,0x00000000d8880000)
 ParOldGen       total 99840K, used 17803K [0x0000000081a00000, 0x0000000087b80000, 0x00000000d5e00000)
  object space 99840K, 17% used [0x0000000081a00000,0x0000000082b62d50,0x0000000087b80000)
 Metaspace       used 7621K, capacity 7804K, committed 7808K, reserved 1056768K
  class space    used 826K, capacity 893K, committed 896K, reserved 1048576K
}
Event: 3.321 GC heap before
{Heap before GC invocations=3 (full 1):
 PSYoungGen      total 38400K, used 33280K [0x00000000d5e00000, 0x00000000d8880000, 0x0000000100000000)
  eden space 33280K, 100% used [0x00000000d5e00000,0x00000000d7e80000,0x00000000d7e80000)
  from space 5120K, 0% used [0x00000000d7e80000,0x00000000d7e80000,0x00000000d8380000)
  to   space 5120K, 0% used [0x00000000d8380000,0x00000000d8380000,0x00000000d8880000)
 ParOldGen       total 99840K, used 17803K [0x0000000081a00000, 0x0000000087b80000, 0x00000000d5e00000)
  object space 99840K, 17% used [0x0000000081a00000,0x0000000082b62d50,0x0000000087b80000)
 Metaspace       used 7650K, capacity 7836K, committed 7936K, reserved 1056768K
  class space    used 827K, capacity 925K, committed 1024K, reserved 1048576K
Event: 3.324 GC heap after
Heap after GC invocations=3 (full 1):
 PSYoungGen      total 38400K, used 160K [0x00000000d5e00000, 0x00000000da300000, 0x0000000100000000)
  eden space 33280K, 0% used [0x00000000d5e00000,0x00000000d5e00000,0x00000000d7e80000)
  from space 5120K, 3% used [0x00000000d8380000,0x00000000d83a8000,0x00000000d8880000)
  to   space 5120K, 0% used [0x00000000d7e80000,0x00000000d7e80000,0x00000000d8380000)
 ParOldGen       total 99840K, used 50211K [0x0000000081a00000, 0x0000000087b80000, 0x00000000d5e00000)
  object space 99840K, 50% used [0x0000000081a00000,0x0000000084b08d90,0x0000000087b80000)
 Metaspace       used 7650K, capacity 7836K, committed 7936K, reserved 1056768K
  class space    used 827K, capacity 925K, committed 1024K, reserved 1048576K
}
Event: 3.324 GC heap before
{Heap before GC invocations=4 (full 2):
 PSYoungGen      total 38400K, used 160K [0x00000000d5e00000, 0x00000000da300000, 0x0000000100000000)
  eden space 33280K, 0% used [0x00000000d5e00000,0x00000000d5e00000,0x00000000d7e80000)
  from space 5120K, 3% used [0x00000000d8380000,0x00000000d83a8000,0x00000000d8880000)
  to   space 5120K, 0% used [0x00000000d7e80000,0x00000000d7e80000,0x00000000d8380000)
 ParOldGen       total 99840K, used 50211K [0x0000000081a00000, 0x0000000087b80000, 0x00000000d5e00000)
  object space 99840K, 50% used [0x0000000081a00000,0x0000000084b08d90,0x0000000087b80000)
 Metaspace       used 7650K, capacity 7836K, committed 7936K, reserved 1056768K
  class space    used 827K, capacity 925K, committed 1024K, reserved 1048576K
Event: 3.329 GC heap after
Heap after GC invocations=4 (full 2):
 PSYoungGen      total 38400K, used 0K [0x00000000d5e00000, 0x00000000da300000, 0x0000000100000000)
  eden space 33280K, 0% used [0x00000000d5e00000,0x00000000d5e00000,0x00000000d7e80000)
  from space 5120K, 0% used [0x00000000d8380000,0x00000000d8380000,0x00000000d8880000)
  to   space 5120K, 0% used [0x00000000d7e80000,0x00000000d7e80000,0x00000000d8380000)
 ParOldGen       total 138240K, used 34016K [0x0000000081a00000, 0x000000008a100000, 0x00000000d5e00000)
  object space 138240K, 24% used [0x0000000081a00000,0x0000000083b38070,0x000000008a100000)
 Metaspace       used 7650K, capacity 7836K, committed 7936K, reserved 1056768K
  class space    used 827K, capacity 925K, committed 1024K, reserved 1048576K
}
Event: 3.366 GC heap before
{Heap before GC invocations=5 (full 2):
 PSYoungGen      total 38400K, used 33280K [0x00000000d5e00000, 0x00000000da300000, 0x0000000100000000)
  eden space 33280K, 100% used [0x00000000d5e00000,0x00000000d7e80000,0x00000000d7e80000)
  from space 5120K, 0% used [0x00000000d8380000,0x00000000d8380000,0x00000000d8880000)
  to   space 5120K, 0% used [0x00000000d7e80000,0x00000000d7e80000,0x00000000d8380000)
 ParOldGen       total 138240K, used 34016K [0x0000000081a00000, 0x000000008a100000, 0x00000000d5e00000)
  object space 138240K, 24% used [0x0000000081a00000,0x0000000083b38070,0x000000008a100000)
 Metaspace       used 7650K, capacity 7836K, committed 7936K, reserved 1056768K
  class space    used 827K, capacity 925K, committed 1024K, reserved 1048576K
Event: 3.367 GC heap after
Heap after GC invocations=5 (full 2):
 PSYoungGen      total 38400K, used 0K [0x00000000d5e00000, 0x00000000d9700000, 0x0000000100000000)
  eden space 33280K, 0% used [0x00000000d5e00000,0x00000000d5e00000,0x00000000d7e80000)
  from space 5120K, 0% used [0x00000000d7e80000,0x00000000d7e80000,0x00000000d8380000)
  to   space 5120K, 0% used [0x00000000d9200000,0x00000000d9200000,0x00000000d9700000)
 ParOldGen       total 138240K, used 34016K [0x0000000081a00000, 0x000000008a100000, 0x00000000d5e00000)
  object space 138240K, 24% used [0x0000000081a00000,0x0000000083b38070,0x000000008a100000)
 Metaspace       used 7650K, capacity 7836K, committed 7936K, reserved 1056768K
  class space    used 827K, capacity 925K, committed 1024K, reserved 1048576K
}

Deoptimization events (10 events):
Event: 4.353 Thread 0x00000000022df000 Uncommon trap: reason=unstable_if action=reinterpret pc=0x000000000f30b290 method=java.io.ByteArrayInputStream.read()I @ 8
Event: 4.447 Thread 0x00000000022df000 Uncommon trap: reason=unstable_if action=reinterpret pc=0x000000000f2cc014 method=java.lang.CharacterDataLatin1.digit(II)I @ 82
Event: 4.470 Thread 0x00000000022df000 Uncommon trap: reason=unstable_if action=reinterpret pc=0x000000000f2daf54 method=java.lang.CharacterDataLatin1.digit(II)I @ 82
Event: 4.471 Thread 0x00000000022df000 Uncommon trap: reason=bimorphic action=maybe_recompile pc=0x000000000f3cd400 method=java.io.BufferedInputStream.fill()V @ 214
Event: 4.472 Thread 0x00000000022df000 Uncommon trap: reason=bimorphic action=maybe_recompile pc=0x000000000f3cd400 method=java.io.BufferedInputStream.fill()V @ 214
Event: 4.474 Thread 0x00000000022df000 Uncommon trap: reason=bimorphic action=maybe_recompile pc=0x000000000f3cd3dc method=java.io.BufferedInputStream.read1([BII)I @ 39
Event: 4.474 Thread 0x00000000022df000 Uncommon trap: reason=bimorphic action=maybe_recompile pc=0x000000000f3cd3dc method=java.io.BufferedInputStream.read1([BII)I @ 39
Event: 4.474 Thread 0x00000000022df000 Uncommon trap: reason=bimorphic action=maybe_recompile pc=0x000000000f3cd400 method=java.io.BufferedInputStream.fill()V @ 214
Event: 4.474 Thread 0x00000000022df000 Uncommon trap: reason=bimorphic action=maybe_recompile pc=0x000000000f3cd400 method=java.io.BufferedInputStream.fill()V @ 214
Event: 4.495 Thread 0x00000000022df000 Uncommon trap: reason=unstable_if action=reinterpret pc=0x000000000f278004 method=java.lang.String.indexOf([CII[CIII)I @ 27

Internal exceptions (10 events):
Event: 0.102 Thread 0x00000000022df000 Exception <a 'java/security/PrivilegedActionException'> (0x00000000d6123798) thrown at [C:\re\workspace\8-2-build-windows-amd64-cygwin\jdk8u51\3951\hotspot\src\share\vm\prims\jvm.cpp, line 1382]
Event: 0.112 Thread 0x00000000022df000 Exception <a 'java/io/FileNotFoundException'> (0x00000000d6155790) thrown at [C:\re\workspace\8-2-build-windows-amd64-cygwin\jdk8u51\3951\hotspot\src\share\vm\prims\jni.cpp, line 709]
Event: 0.126 Thread 0x00000000022df000 Exception <a 'java/io/FileNotFoundException'> (0x00000000d61692c8) thrown at [C:\re\workspace\8-2-build-windows-amd64-cygwin\jdk8u51\3951\hotspot\src\share\vm\prims\jni.cpp, line 709]
Event: 0.155 Thread 0x00000000022df000 Exception <a 'java/lang/NoSuchFieldError': method resolution failed> (0x00000000d623d450) thrown at [C:\re\workspace\8-2-build-windows-amd64-cygwin\jdk8u51\3951\hotspot\src\share\vm\prims\methodHandles.cpp, line 1125]
Event: 0.156 Thread 0x00000000022df000 Exception <a 'java/lang/NoSuchFieldError': method resolution failed> (0x00000000d624be60) thrown at [C:\re\workspace\8-2-build-windows-amd64-cygwin\jdk8u51\3951\hotspot\src\share\vm\prims\methodHandles.cpp, line 1125]
Event: 2.147 Thread 0x00000000022df000 Implicit null exception at 0x000000000f248c6b to 0x000000000f249801
Event: 3.394 Thread 0x00000000022df000 Exception <a 'java/lang/ClassNotFoundException': sun/net/www/protocol/c/Handler> (0x00000000d6dcd9a0) thrown at [C:\re\workspace\8-2-build-windows-amd64-cygwin\jdk8u51\3951\hotspot\src\share\vm\classfile\systemDictionary.cpp, line 210]
Event: 4.200 Thread 0x00000000022df000 Implicit null exception at 0x000000000f2762c1 to 0x000000000f2768e5
Event: 4.200 Thread 0x00000000022df000 Implicit null exception at 0x000000000f25153d to 0x000000000f251d21
Event: 4.200 Thread 0x00000000022df000 Implicit null exception at 0x000000000f25643d to 0x000000000f256c21

Events (10 events):
Event: 4.665 Thread 0x000000001e12b800 Thread added: 0x000000001e12b800
Event: 4.665 Executing VM operation: RevokeBias
Event: 4.665 Executing VM operation: RevokeBias done
Event: 4.665 Thread 0x000000001e12b800 Thread exited: 0x000000001e12b800
Event: 4.823 loading class sun/net/www/http/ChunkedInputStream
Event: 4.823 loading class sun/net/www/http/Hurryable
Event: 4.823 loading class sun/net/www/http/Hurryable done
Event: 4.823 loading class sun/net/www/http/ChunkedInputStream done
Event: 4.823 loading class sun/net/www/protocol/http/HttpURLConnection$HttpInputStream
Event: 4.823 loading class sun/net/www/protocol/http/HttpURLConnection$HttpInputStream done


Dynamic libraries:
0x000000013f0c0000 - 0x000000013f0f7000 	C:\Program Files\Java\jdk1.8.0_51\bin\javaw.exe
0x0000000077470000 - 0x0000000077619000 	C:\Windows\SYSTEM32\ntdll.dll
0x0000000077250000 - 0x000000007736f000 	C:\Windows\system32\kernel32.dll
0x000007fefd350000 - 0x000007fefd3bc000 	C:\Windows\system32\KERNELBASE.dll
0x000007feff070000 - 0x000007feff14b000 	C:\Windows\system32\ADVAPI32.dll
0x000007fefd7e0000 - 0x000007fefd87f000 	C:\Windows\system32\msvcrt.dll
0x000007fefde00000 - 0x000007fefde1f000 	C:\Windows\SYSTEM32\sechost.dll
0x000007fefef40000 - 0x000007feff06d000 	C:\Windows\system32\RPCRT4.dll
0x0000000077370000 - 0x000000007746a000 	C:\Windows\system32\USER32.dll
0x000007fefdd90000 - 0x000007fefddf7000 	C:\Windows\system32\GDI32.dll
0x000007fefedc0000 - 0x000007fefedce000 	C:\Windows\system32\LPK.dll
0x000007fefd670000 - 0x000007fefd739000 	C:\Windows\system32\USP10.dll
0x000007fefbbd0000 - 0x000007fefbdc4000 	C:\Windows\WinSxS\amd64_microsoft.windows.common-controls_6595b64144ccf1df_6.0.7601.18837_none_fa3b1e3d17594757\COMCTL32.dll
0x000007fefdb10000 - 0x000007fefdb81000 	C:\Windows\system32\SHLWAPI.dll
0x000007fefed90000 - 0x000007fefedbe000 	C:\Windows\system32\IMM32.DLL
0x000007fefdbe0000 - 0x000007fefdce9000 	C:\Windows\system32\MSCTF.dll
0x000007fefd1f0000 - 0x000007fefd21f000 	C:\Windows\system32\nvinitx.dll
0x000000000f000000 - 0x000000000f006000 	C:\Program Files\NVIDIA Corporation\CoProcManager\detoured.dll
0x000007fef8830000 - 0x000007fef8863000 	C:\Program Files\NVIDIA Corporation\CoProcManager\nvd3d9wrapx.dll
0x000007fefde20000 - 0x000007fefdff7000 	C:\Windows\system32\SETUPAPI.dll
0x000007fefd560000 - 0x000007fefd596000 	C:\Windows\system32\CFGMGR32.dll
0x000007feff640000 - 0x000007feff717000 	C:\Windows\system32\OLEAUT32.dll
0x000007fefd880000 - 0x000007fefda83000 	C:\Windows\system32\ole32.dll
0x000007fefd540000 - 0x000007fefd55a000 	C:\Windows\system32\DEVOBJ.dll
0x000007fef84c0000 - 0x000007fef84e3000 	C:\Program Files\NVIDIA Corporation\CoProcManager\nvdxgiwrapx.dll
0x0000000057140000 - 0x0000000057212000 	C:\Program Files\Java\jdk1.8.0_51\jre\bin\msvcr100.dll
0x0000000060ec0000 - 0x0000000061743000 	C:\Program Files\Java\jdk1.8.0_51\jre\bin\server\jvm.dll
0x000007fef7970000 - 0x000007fef7979000 	C:\Windows\system32\WSOCK32.dll
0x000007fefdb90000 - 0x000007fefdbdd000 	C:\Windows\system32\WS2_32.dll
0x000007feff150000 - 0x000007feff158000 	C:\Windows\system32\NSI.dll
0x000007fef9540000 - 0x000007fef957b000 	C:\Windows\system32\WINMM.dll
0x000007fefc1a0000 - 0x000007fefc1ac000 	C:\Windows\system32\VERSION.dll
0x0000000077630000 - 0x0000000077637000 	C:\Windows\system32\PSAPI.DLL
0x0000000062370000 - 0x000000006237f000 	C:\Program Files\Java\jdk1.8.0_51\jre\bin\verify.dll
0x0000000062340000 - 0x0000000062369000 	C:\Program Files\Java\jdk1.8.0_51\jre\bin\java.dll
0x0000000062320000 - 0x0000000062336000 	C:\Program Files\Java\jdk1.8.0_51\jre\bin\zip.dll
0x000007fefe000000 - 0x000007fefed89000 	C:\Windows\system32\SHELL32.dll
0x000007fefd2c0000 - 0x000007fefd2cf000 	C:\Windows\system32\profapi.dll
0x0000000056740000 - 0x00000000568d8000 	C:\Program Files\Java\jdk1.8.0_51\jre\bin\awt.dll
0x000007fef9440000 - 0x000007fef9458000 	C:\Windows\system32\DWMAPI.DLL
0x000007fefac20000 - 0x000007fefac76000 	C:\Windows\system32\uxtheme.dll
0x000007fefd120000 - 0x000007fefd12f000 	C:\Windows\system32\CRYPTBASE.dll
0x000007feef360000 - 0x000007feef55f000 	C:\Windows\system32\d3d9.dll
0x000007feeed50000 - 0x000007feeed57000 	C:\Windows\system32\d3d8thk.dll
0x000007fef8240000 - 0x000007fef8336000 	C:\Windows\system32\nvumdshimx.dll
0x000007fee7660000 - 0x000007fee8716000 	C:\Windows\system32\nvd3dumx.dll
0x000007fefa970000 - 0x000007fefa99c000 	C:\Windows\system32\powrprof.dll
0x000007fefb510000 - 0x000007fefb67a000 	C:\Program Files (x86)\NVIDIA Corporation\3D Vision\nvSCPAPI64.dll
0x000007fef84f0000 - 0x000007fef8823000 	C:\Windows\system32\nvapi64.dll
0x0000000002380000 - 0x00000000023bb000 	C:\Windows\system32\WINTRUST.dll
0x000007fefd3c0000 - 0x000007fefd52d000 	C:\Windows\system32\CRYPT32.dll
0x000007fefd2b0000 - 0x000007fefd2bf000 	C:\Windows\system32\MSASN1.dll
0x000000000e210000 - 0x000000000e757000 	C:\useful stuff\libs\WinUtil.dll
0x00000000572f0000 - 0x00000000572f7000 	C:\Program Files\Java\jdk1.8.0_51\jre\bin\jawt.dll
0x000007fefd0c0000 - 0x000007fefd117000 	C:\Windows\system32\apphelp.dll
0x000000000e920000 - 0x000000000ef28000 	C:\useful stuff\libs\VisionProxy.dll
0x0000000068a00000 - 0x0000000068df3000 	C:\useful stuff\libs\libtesseract-3.dll
0x000000006a5c0000 - 0x000000006a6c6000 	C:\useful stuff\libs\libstdc++_64-6.dll
0x0000000063180000 - 0x00000000631a1000 	C:\useful stuff\libs\libgcc_s_sjlj_64-1.dll
0x0000000065c00000 - 0x0000000065daa000 	C:\useful stuff\libs\liblept-2.dll
0x0000000069a00000 - 0x0000000069a5d000 	C:\useful stuff\libs\libjpeg-9.dll
0x0000000064740000 - 0x0000000064784000 	C:\useful stuff\libs\libpng15-15.dll
0x0000000062e80000 - 0x0000000062ea6000 	C:\useful stuff\libs\zlib1.dll
0x00000000667c0000 - 0x0000000066acb000 	C:\useful stuff\libs\libopencv_imgproc244.dll
0x000000006b580000 - 0x000000006b855000 	C:\useful stuff\libs\libopencv_core244.dll
0x000000001ffc0000 - 0x00000000201b0000 	C:\useful stuff\libs\libopencv_highgui244.dll
0x000007fefb920000 - 0x000007fefb937000 	C:\Windows\system32\AVICAP32.dll
0x000007fefb8f0000 - 0x000007fefb919000 	C:\Windows\system32\MSVFW32.dll
0x000007fefb8d0000 - 0x000007fefb8ef000 	C:\Windows\system32\AVIFIL32.dll
0x000007fef93c0000 - 0x000007fef93d8000 	C:\Windows\system32\MSACM32.dll
0x0000000056f90000 - 0x0000000056fb4000 	C:\Program Files\Java\jdk1.8.0_51\jre\bin\sunec.dll
0x000007fefcac0000 - 0x000007fefcad8000 	C:\Windows\system32\CRYPTSP.dll
0x000007fefc7c0000 - 0x000007fefc807000 	C:\Windows\system32\rsaenh.dll
0x000007fefd650000 - 0x000007fefd66e000 	C:\Windows\system32\USERENV.dll
0x0000000062300000 - 0x000000006231a000 	C:\Program Files\Java\jdk1.8.0_51\jre\bin\net.dll
0x000007fefca60000 - 0x000007fefcab5000 	C:\Windows\system32\mswsock.dll
0x000007fefca50000 - 0x000007fefca57000 	C:\Windows\System32\wship6.dll
0x000007fefa560000 - 0x000007fefa587000 	C:\Windows\system32\IPHLPAPI.DLL
0x000007fefa550000 - 0x000007fefa55b000 	C:\Windows\system32\WINNSI.DLL
0x000007fefa360000 - 0x000007fefa371000 	C:\Windows\system32\dhcpcsvc6.DLL
0x000007fefa340000 - 0x000007fefa358000 	C:\Windows\system32\dhcpcsvc.DLL
0x00000000622e0000 - 0x00000000622f1000 	C:\Program Files\Java\jdk1.8.0_51\jre\bin\nio.dll
0x000007fefa680000 - 0x000007fefa695000 	C:\Windows\system32\NLAapi.dll
0x000007fef6ca0000 - 0x000007fef6cb5000 	C:\Windows\system32\napinsp.dll
0x000007fef6c80000 - 0x000007fef6c99000 	C:\Windows\system32\pnrpnsp.dll
0x000007fefc8e0000 - 0x000007fefc93b000 	C:\Windows\system32\DNSAPI.dll
0x000007fef6c70000 - 0x000007fef6c7b000 	C:\Windows\System32\winrnr.dll
0x000007fefc420000 - 0x000007fefc427000 	C:\Windows\System32\wshtcpip.dll
0x000007fef6f00000 - 0x000007fef6f08000 	C:\Windows\system32\rasadhlp.dll
0x000007fefa3e0000 - 0x000007fefa433000 	C:\Windows\System32\fwpuclnt.dll
0x000007fef5d00000 - 0x000007fef5e25000 	C:\Windows\system32\dbghelp.dll

VM Arguments:
jvm_args: -Dfile.encoding=Cp1252 
java_command: test.Youtube
java_class_path (initial): C:\useful stuff\eclipse workspace\Sikuli\bin;C:\useful stuff\sikuli-ide.jar;C:\useful stuff\sikuli-setup.jar;C:\useful stuff\selenium-2.47.1\libs\apache-mime4j-0.6.jar;C:\useful stuff\selenium-2.47.1\libs\bsh-1.3.0.jar;C:\useful stuff\selenium-2.47.1\libs\cglib-nodep-2.1_3.jar;C:\useful stuff\selenium-2.47.1\libs\commons-codec-1.10.jar;C:\useful stuff\selenium-2.47.1\libs\commons-collections-3.2.1.jar;C:\useful stuff\selenium-2.47.1\libs\commons-exec-1.3.jar;C:\useful stuff\selenium-2.47.1\libs\commons-io-2.4.jar;C:\useful stuff\selenium-2.47.1\libs\commons-lang3-3.4.jar;C:\useful stuff\selenium-2.47.1\libs\commons-logging-1.1.3.jar;C:\useful stuff\selenium-2.47.1\libs\cssparser-0.9.16.jar;C:\useful stuff\selenium-2.47.1\libs\gson-2.3.1.jar;C:\useful stuff\selenium-2.47.1\libs\guava-18.0.jar;C:\useful stuff\selenium-2.47.1\libs\hamcrest-core-1.3.jar;C:\useful stuff\selenium-2.47.1\libs\hamcrest-library-1.3.jar;C:\useful stuff\selenium-2.47.1\libs\htmlunit-2.17.jar;C:\useful stuff\selenium-2.47.1\libs\htmlunit-core-js-2.17.jar;C:\useful stuff\selenium-2.47.1\libs\httpclient-4.4.1.jar;C:\useful stuff\selenium-2.47.1\libs\httpcore-4.4.1.jar;C:\useful stuff\selenium-2.47.1\libs\httpmime-4.4.1.jar;C:\useful stuff\selenium-2.47.1\libs\jcommander-1.29.jar;C:\useful stuff\selenium-2.47.1\libs\jetty-io-9.2.11.v20150529.jar;C:\useful stuff\selenium-2.47.1\libs\jetty-util-9.2.11.v20150529.jar;C:\useful stuff\selenium-2.47.1\libs\jna-4.1.0.jar;C:\useful stuff\selenium-2.47.1\libs\jna-platform-4.1.0.jar;C:\useful stuff\selenium-2.47.1\libs\junit-4.12.jar;C:\useful stuff\selenium-2.47.1\libs\nekohtml-1.9.22.jar;C:\useful stuff\selenium-2.47.1\libs\netty-3.5.7.Final.jar;C:\useful stuff\selenium-2.47.1\libs\phantomjsdriver-1.2.1.jar;C:\useful stuff\selenium-2.47.1\libs\sac-1.3.jar;C:\useful stuff\selenium-2.47.1\libs\serializer-2.7.2.jar;C:\useful stuff\selenium-2.47.1\libs\testng-6.8.5.jar;C:\useful stuff\selenium-2.47.1\libs\websocket-api-9.2.11.v2015
Launcher Type: SUN_STANDARD

Environment Variables:
JAVA_HOME=C:\Program Files\Java\jdk1.8.0_51
PATH=C:/Program Files/Java/jdk1.8.0_51/bin/../jre/bin/server;C:/Program Files/Java/jdk1.8.0_51/bin/../jre/bin;C:/Program Files/Java/jdk1.8.0_51/bin/../jre/lib/amd64;C:\Program Files\Java\jdk1.8.0_51/bin;C:\PROGRA~2\ALIENB~1\Client\APPLIC~1\Tools;C:\PROGRA~2\ALIENB~1\Client\APPLIC~1\Bin;C:\Windows\System32;C:\useful stuff\libs;C:\Users\user\Downloads\libs;C:\useful stuff\Eclipse;
USERNAME=user
OS=Windows_NT
PROCESSOR_IDENTIFIER=Intel64 Family 6 Model 42 Stepping 7, GenuineIntel



---------------  S Y S T E M  ---------------

OS: Windows 7 , 64 bit Build 7601 (6.1.7601.18869)

CPU:total 8 (4 cores per cpu, 2 threads per core) family 6 model 42 stepping 7, cmov, cx8, fxsr, mmx, sse, sse2, sse3, ssse3, sse4.1, sse4.2, popcnt, avx, aes, clmul, ht, tsc, tscinvbit

Memory: 4k page, physical 8280884k(3957028k free), swap 16559932k(10973900k free)

vm_info: Java HotSpot(TM) 64-Bit Server VM (25.51-b03) for windows-amd64 JRE (1.8.0_51-b16), built on Jun  8 2015 18:03:07 by "java_re" with MS VC++ 10.0 (VS2010)

time: Wed Aug 12 19:09:29 2015
elapsed time: 5 seconds (0d 0h 0m 5s)

