#
# A fatal error has been detected by the Java Runtime Environment:
#
#  EXCEPTION_ACCESS_VIOLATION (0xc0000005) at pc=0x00000000610030a2, pid=5092, tid=5216
#
# JRE version: Java(TM) SE Runtime Environment (8.0_51-b16) (build 1.8.0_51-b16)
# Java VM: Java HotSpot(TM) 64-Bit Server VM (25.51-b03 mixed mode windows-amd64 compressed oops)
# Problematic frame:
# V  [jvm.dll+0x1430a2]
#
# Failed to write core dump. Minidumps are not enabled by default on client versions of Windows
#
# If you would like to submit a bug report, please visit:
#   http://bugreport.java.com/bugreport/crash.jsp
#

---------------  T H R E A D  ---------------

Current thread (0x000000000222f000):  JavaThread "main" [_thread_in_vm, id=5216, stack(0x00000000025c0000,0x00000000026c0000)]

siginfo: ExceptionCode=0xc0000005, reading address 0x0000000000000000

Registers:
RAX=0x0000000000000000, RBX=0x000000000222f000, RCX=0x0000000000000f00, RDX=0x0000000000000000
RSP=0x00000000026bf050, RBP=0x0000000000000000, RSI=0x0000000000000000, RDI=0x0000000000000000
R8 =0x0000000000000000, R9 =0x00000000000000dd, R10=0x000000000f025e08, R11=0x00000000610e7bb0
R12=0x0000000000000000, R13=0x0000000008603630, R14=0x00000000026bf278, R15=0x000000000222f000
RIP=0x00000000610030a2, EFLAGS=0x0000000000010202

Top of Stack: (sp=0x00000000026bf050)
0x00000000026bf050:   00000000026bf0c0 000000000f0174c0
0x00000000026bf060:   00000000d61481f0 00000000d5e07d30
0x00000000026bf070:   000000000222f000 0000000000000000
0x00000000026bf080:   00000000026bf070 00000000080f7ae0
0x00000000026bf090:   00000000026bf0f8 000000000818c8c0
0x00000000026bf0a0:   0000000000000000 00000000080f7b00
0x00000000026bf0b0:   0000000000000000 00000000026bf0f0
0x00000000026bf0c0:   0000000000000009 000000001e0118a0
0x00000000026bf0d0:   0000000000000000 0000000000000073
0x00000000026bf0e0:   0000000000000057 000000000222f1f8
0x00000000026bf0f0:   0000000000000009 00000000d5e3d368
0x00000000026bf100:   00000000d684ec28 0000000800000000
0x00000000026bf110:   0000000100000000 00000000d684ec28
0x00000000026bf120:   0000000000000037 0000000008249ed0
0x00000000026bf130:   00000000026bf168 00000000d684ec50
0x00000000026bf140:   0000000000000000 0000000008249ee0 

Instructions: (pc=0x00000000610030a2)
0x0000000061003082:   89 5c 24 20 48 89 74 24 28 48 39 73 08 74 0a 48
0x0000000061003092:   8d 4c 24 20 e8 15 47 13 00 40 38 35 3e 6c 6b 00
0x00000000610030a2:   48 8b 3f 48 63 05 60 e6 69 00 74 1b 8b 0c 38 85
0x00000000610030b2:   c9 74 7c 8b c1 8b 0d db d6 64 00 48 d3 e0 48 03 


Register to memory mapping:

RAX=0x0000000000000000 is an unknown value
RBX=0x000000000222f000 is a thread
RCX=0x0000000000000f00 is an unknown value
RDX=0x0000000000000000 is an unknown value
RSP=0x00000000026bf050 is pointing into the stack for thread: 0x000000000222f000
RBP=0x0000000000000000 is an unknown value
RSI=0x0000000000000000 is an unknown value
RDI=0x0000000000000000 is an unknown value
R8 =0x0000000000000000 is an unknown value
R9 =0x00000000000000dd is an unknown value
R10=0x000000000f025e08 is at code_begin+840 in an Interpreter codelet
method entry point (kind = native)  [0x000000000f025ac0, 0x000000000f026420]  2400 bytes
R11=0x00000000610e7bb0 is an unknown value
R12=0x0000000000000000 is an unknown value
R13={method} {0x0000000008603638} 'openApp' '(Ljava/lang/String;)I' in 'org/sikuli/basics/WinUtil'
R14=0x00000000026bf278 is pointing into the stack for thread: 0x000000000222f000
R15=0x000000000222f000 is a thread


Stack: [0x00000000025c0000,0x00000000026c0000],  sp=0x00000000026bf050,  free space=1020k
Native frames: (J=compiled Java code, j=interpreted, Vv=VM code, C=native code)

Java frames: (J=compiled Java code, j=interpreted, Vv=VM code)
j  org.sikuli.basics.WinUtil.openApp(Ljava/lang/String;)I+0
j  org.sikuli.script.App.open()Lorg/sikuli/script/App;+19
j  test.BrowserOperations.openBrowser(Ljava/lang/String;)V+14
j  test.Youtube.main([Ljava/lang/String;)V+48
v  ~StubRoutines::call_stub

---------------  P R O C E S S  ---------------

Java Threads: ( => current thread )
  0x000000000bc16000 JavaThread "AWT-Windows" daemon [_thread_in_native, id=1164, stack(0x000000000c500000,0x000000000c600000)]
  0x000000000bc14800 JavaThread "Java2D Disposer" daemon [_thread_blocked, id=5796, stack(0x000000000c1c0000,0x000000000c2c0000)]
  0x0000000009bff800 JavaThread "Service Thread" daemon [_thread_blocked, id=260, stack(0x000000000b820000,0x000000000b920000)]
  0x0000000009b75000 JavaThread "C1 CompilerThread3" daemon [_thread_blocked, id=5148, stack(0x000000000b350000,0x000000000b450000)]
  0x0000000009b74800 JavaThread "C2 CompilerThread2" daemon [_thread_blocked, id=4564, stack(0x000000000b5c0000,0x000000000b6c0000)]
  0x0000000009b69000 JavaThread "C2 CompilerThread1" daemon [_thread_blocked, id=4272, stack(0x000000000b450000,0x000000000b550000)]
  0x0000000009b5e000 JavaThread "C2 CompilerThread0" daemon [_thread_blocked, id=3752, stack(0x000000000ab30000,0x000000000ac30000)]
  0x0000000009b57000 JavaThread "Attach Listener" daemon [_thread_blocked, id=5200, stack(0x000000000b1d0000,0x000000000b2d0000)]
  0x0000000009b68800 JavaThread "Signal Dispatcher" daemon [_thread_blocked, id=4784, stack(0x000000000b0d0000,0x000000000b1d0000)]
  0x0000000008aab800 JavaThread "Finalizer" daemon [_thread_blocked, id=1648, stack(0x000000000af90000,0x000000000b090000)]
  0x0000000008aa4800 JavaThread "Reference Handler" daemon [_thread_blocked, id=4768, stack(0x000000000adc0000,0x000000000aec0000)]
=>0x000000000222f000 JavaThread "main" [_thread_in_vm, id=5216, stack(0x00000000025c0000,0x00000000026c0000)]

Other Threads:
  0x0000000009b10800 VMThread [stack: 0x000000000ac30000,0x000000000ad30000] [id=2988]
  0x0000000009bc1800 WatcherThread [stack: 0x000000000b700000,0x000000000b800000] [id=4616]

VM state:not at safepoint (normal execution)

VM Mutex/Monitor currently owned by a thread: None

Heap:
 PSYoungGen      total 38400K, used 11316K [0x00000000d5e00000, 0x00000000d8880000, 0x0000000100000000)
  eden space 33280K, 34% used [0x00000000d5e00000,0x00000000d690d1c8,0x00000000d7e80000)
  from space 5120K, 0% used [0x00000000d8380000,0x00000000d8380000,0x00000000d8880000)
  to   space 5120K, 0% used [0x00000000d7e80000,0x00000000d7e80000,0x00000000d8380000)
 ParOldGen       total 87552K, used 0K [0x0000000081a00000, 0x0000000086f80000, 0x00000000d5e00000)
  object space 87552K, 0% used [0x0000000081a00000,0x0000000081a00000,0x0000000086f80000)
 Metaspace       used 6945K, capacity 7152K, committed 7296K, reserved 1056768K
  class space    used 759K, capacity 827K, committed 896K, reserved 1048576K

Card table byte_map: [0x0000000002a80000,0x0000000002e80000] byte_map_base: 0x0000000002673000

Marking Bits: (ParMarkBitMap*) 0x00000000616c4040
 Begin Bits: [0x0000000003d90000, 0x0000000005d28000)
 End Bits:   [0x0000000005d28000, 0x0000000007cc0000)

Polling page: 0x0000000002160000

CodeCache: size=245760Kb used=2341Kb max_used=2341Kb free=243418Kb
 bounds [0x000000000f010000, 0x000000000f280000, 0x000000001e010000]
 total_blobs=840 nmethods=493 adapters=260
 compilation: enabled

Compilation events (10 events):
Event: 0.582 Thread 0x0000000009b75000  489       3       java.lang.Character::digit (6 bytes)
Event: 0.582 Thread 0x0000000009b75000 nmethod 489 0x000000000f257b10 code [0x000000000f257c80, 0x000000000f257f18]
Event: 0.582 Thread 0x0000000009b75000  490       3       java.lang.Character::digit (10 bytes)
Event: 0.583 Thread 0x0000000009b75000 nmethod 490 0x000000000f258050 code [0x000000000f2581c0, 0x000000000f2583f8]
Event: 0.595 Thread 0x0000000009b75000  491       1       java.security.ProtectionDomain::getCodeSource (5 bytes)
Event: 0.595 Thread 0x0000000009b75000 nmethod 491 0x000000000f2584d0 code [0x000000000f258620, 0x000000000f258730]
Event: 1.255 Thread 0x0000000009b75000  492       3       java.util.AbstractCollection::<init> (5 bytes)
Event: 1.255 Thread 0x0000000009b75000 nmethod 492 0x000000000f258790 code [0x000000000f2588e0, 0x000000000f258a90]
Event: 2.096 Thread 0x0000000009b75000  493   !   3       sun.misc.URLClassPath$JarLoader::getResource (85 bytes)
Event: 2.097 Thread 0x0000000009b75000 nmethod 493 0x000000000f258b50 code [0x000000000f258da0, 0x000000000f259b78]

GC Heap History (0 events):
No events

Deoptimization events (9 events):
Event: 0.520 Thread 0x000000000222f000 Uncommon trap: reason=unstable_if action=reinterpret pc=0x000000000f2418e8 method=sun.util.calendar.BaseCalendar.getFixedDate(IIILsun/util/calendar/BaseCalendar$Date;)J @ 103
Event: 0.521 Thread 0x000000000222f000 Uncommon trap: reason=unstable_if action=reinterpret pc=0x000000000f22d504 method=sun.util.calendar.CalendarUtils.isGregorianLeapYear(I)Z @ 3
Event: 0.521 Thread 0x000000000222f000 Uncommon trap: reason=unstable_if action=reinterpret pc=0x000000000f23bea8 method=sun.util.calendar.CalendarUtils.isGregorianLeapYear(I)Z @ 3
Event: 0.521 Thread 0x000000000222f000 Uncommon trap: reason=unstable_if action=reinterpret pc=0x000000000f238b14 method=sun.util.calendar.CalendarUtils.isGregorianLeapYear(I)Z @ 3
Event: 0.521 Thread 0x000000000222f000 Uncommon trap: reason=unstable_if action=reinterpret pc=0x000000000f2261c8 method=sun.util.calendar.CalendarUtils.isGregorianLeapYear(I)Z @ 3
Event: 0.572 Thread 0x000000000222f000 Uncommon trap: reason=class_check action=maybe_recompile pc=0x000000000f228b2c method=java.util.zip.InflaterInputStream.read([BII)I @ 100
Event: 0.574 Thread 0x000000000222f000 Uncommon trap: reason=class_check action=maybe_recompile pc=0x000000000f228b2c method=java.util.zip.InflaterInputStream.read([BII)I @ 100
Event: 0.574 Thread 0x000000000222f000 Uncommon trap: reason=class_check action=maybe_recompile pc=0x000000000f228b2c method=java.util.zip.InflaterInputStream.read([BII)I @ 100
Event: 0.574 Thread 0x000000000222f000 Uncommon trap: reason=class_check action=maybe_recompile pc=0x000000000f228b2c method=java.util.zip.InflaterInputStream.read([BII)I @ 100

Internal exceptions (10 events):
Event: 0.101 Thread 0x000000000222f000 Exception <a 'java/security/PrivilegedActionException'> (0x00000000d611f8c8) thrown at [C:\re\workspace\8-2-build-windows-amd64-cygwin\jdk8u51\3951\hotspot\src\share\vm\prims\jvm.cpp, line 1382]
Event: 0.101 Thread 0x000000000222f000 Exception <a 'java/security/PrivilegedActionException'> (0x00000000d6120e88) thrown at [C:\re\workspace\8-2-build-windows-amd64-cygwin\jdk8u51\3951\hotspot\src\share\vm\prims\jvm.cpp, line 1382]
Event: 0.101 Thread 0x000000000222f000 Exception <a 'java/security/PrivilegedActionException'> (0x00000000d61211d0) thrown at [C:\re\workspace\8-2-build-windows-amd64-cygwin\jdk8u51\3951\hotspot\src\share\vm\prims\jvm.cpp, line 1382]
Event: 0.101 Thread 0x000000000222f000 Exception <a 'java/security/PrivilegedActionException'> (0x00000000d61227d8) thrown at [C:\re\workspace\8-2-build-windows-amd64-cygwin\jdk8u51\3951\hotspot\src\share\vm\prims\jvm.cpp, line 1382]
Event: 0.101 Thread 0x000000000222f000 Exception <a 'java/security/PrivilegedActionException'> (0x00000000d6122b20) thrown at [C:\re\workspace\8-2-build-windows-amd64-cygwin\jdk8u51\3951\hotspot\src\share\vm\prims\jvm.cpp, line 1382]
Event: 0.110 Thread 0x000000000222f000 Exception <a 'java/io/FileNotFoundException'> (0x00000000d6154c60) thrown at [C:\re\workspace\8-2-build-windows-amd64-cygwin\jdk8u51\3951\hotspot\src\share\vm\prims\jni.cpp, line 709]
Event: 0.124 Thread 0x000000000222f000 Exception <a 'java/io/FileNotFoundException'> (0x00000000d6168798) thrown at [C:\re\workspace\8-2-build-windows-amd64-cygwin\jdk8u51\3951\hotspot\src\share\vm\prims\jni.cpp, line 709]
Event: 0.153 Thread 0x000000000222f000 Exception <a 'java/lang/NoSuchFieldError': method resolution failed> (0x00000000d623c920) thrown at [C:\re\workspace\8-2-build-windows-amd64-cygwin\jdk8u51\3951\hotspot\src\share\vm\prims\methodHandles.cpp, line 1125]
Event: 0.155 Thread 0x000000000222f000 Exception <a 'java/lang/NoSuchFieldError': method resolution failed> (0x00000000d624b330) thrown at [C:\re\workspace\8-2-build-windows-amd64-cygwin\jdk8u51\3951\hotspot\src\share\vm\prims\methodHandles.cpp, line 1125]
Event: 2.097 Thread 0x000000000222f000 Exception <a 'java/lang/NullPointerException'> (0x00000000d684dc20) thrown at [C:\re\workspace\8-2-build-windows-amd64-cygwin\jdk8u51\3951\hotspot\src\share\vm\interpreter\linkResolver.cpp, line 1178]

Events (10 events):
Event: 1.255 loading class java/util/HashMap$KeyIterator done
Event: 1.255 Thread 0x000000000bc15800 Thread exited: 0x000000000bc15800
Event: 2.096 loading class test/FacebookOperations
Event: 2.096 loading class test/FacebookOperations done
Event: 2.097 loading class java/lang/Throwable$WrappedPrintStream
Event: 2.097 loading class java/lang/Throwable$PrintStreamOrWriter
Event: 2.097 loading class java/lang/Throwable$PrintStreamOrWriter done
Event: 2.097 loading class java/lang/Throwable$WrappedPrintStream done
Event: 2.097 loading class java/util/IdentityHashMap$KeySet
Event: 2.097 loading class java/util/IdentityHashMap$KeySet done


Dynamic libraries:
0x000000013f9c0000 - 0x000000013f9f7000 	C:\Program Files\Java\jdk1.8.0_51\bin\javaw.exe
0x0000000077470000 - 0x0000000077619000 	C:\Windows\SYSTEM32\ntdll.dll
0x0000000077250000 - 0x000000007736f000 	C:\Windows\system32\kernel32.dll
0x000007fefd350000 - 0x000007fefd3bc000 	C:\Windows\system32\KERNELBASE.dll
0x000007feff070000 - 0x000007feff14b000 	C:\Windows\system32\ADVAPI32.dll
0x000007fefd7e0000 - 0x000007fefd87f000 	C:\Windows\system32\msvcrt.dll
0x000007fefde00000 - 0x000007fefde1f000 	C:\Windows\SYSTEM32\sechost.dll
0x000007fefef40000 - 0x000007feff06d000 	C:\Windows\system32\RPCRT4.dll
0x0000000077370000 - 0x000000007746a000 	C:\Windows\system32\USER32.dll
0x000007fefdd90000 - 0x000007fefddf7000 	C:\Windows\system32\GDI32.dll
0x000007fefedc0000 - 0x000007fefedce000 	C:\Windows\system32\LPK.dll
0x000007fefd670000 - 0x000007fefd739000 	C:\Windows\system32\USP10.dll
0x000007fefbbd0000 - 0x000007fefbdc4000 	C:\Windows\WinSxS\amd64_microsoft.windows.common-controls_6595b64144ccf1df_6.0.7601.18837_none_fa3b1e3d17594757\COMCTL32.dll
0x000007fefdb10000 - 0x000007fefdb81000 	C:\Windows\system32\SHLWAPI.dll
0x000007fefed90000 - 0x000007fefedbe000 	C:\Windows\system32\IMM32.DLL
0x000007fefdbe0000 - 0x000007fefdce9000 	C:\Windows\system32\MSCTF.dll
0x000007fefd1f0000 - 0x000007fefd21f000 	C:\Windows\system32\nvinitx.dll
0x000000000f000000 - 0x000000000f006000 	C:\Program Files\NVIDIA Corporation\CoProcManager\detoured.dll
0x000007fef8830000 - 0x000007fef8863000 	C:\Program Files\NVIDIA Corporation\CoProcManager\nvd3d9wrapx.dll
0x000007fefde20000 - 0x000007fefdff7000 	C:\Windows\system32\SETUPAPI.dll
0x000007fefd560000 - 0x000007fefd596000 	C:\Windows\system32\CFGMGR32.dll
0x000007feff640000 - 0x000007feff717000 	C:\Windows\system32\OLEAUT32.dll
0x000007fefd880000 - 0x000007fefda83000 	C:\Windows\system32\ole32.dll
0x000007fefd540000 - 0x000007fefd55a000 	C:\Windows\system32\DEVOBJ.dll
0x000007fef84c0000 - 0x000007fef84e3000 	C:\Program Files\NVIDIA Corporation\CoProcManager\nvdxgiwrapx.dll
0x0000000057220000 - 0x00000000572f2000 	C:\Program Files\Java\jdk1.8.0_51\jre\bin\msvcr100.dll
0x0000000060ec0000 - 0x0000000061743000 	C:\Program Files\Java\jdk1.8.0_51\jre\bin\server\jvm.dll
0x000007fef7970000 - 0x000007fef7979000 	C:\Windows\system32\WSOCK32.dll
0x000007fefdb90000 - 0x000007fefdbdd000 	C:\Windows\system32\WS2_32.dll
0x000007feff150000 - 0x000007feff158000 	C:\Windows\system32\NSI.dll
0x000007fef9540000 - 0x000007fef957b000 	C:\Windows\system32\WINMM.dll
0x000007fefc1a0000 - 0x000007fefc1ac000 	C:\Windows\system32\VERSION.dll
0x0000000077630000 - 0x0000000077637000 	C:\Windows\system32\PSAPI.DLL
0x0000000062370000 - 0x000000006237f000 	C:\Program Files\Java\jdk1.8.0_51\jre\bin\verify.dll
0x0000000062340000 - 0x0000000062369000 	C:\Program Files\Java\jdk1.8.0_51\jre\bin\java.dll
0x0000000062320000 - 0x0000000062336000 	C:\Program Files\Java\jdk1.8.0_51\jre\bin\zip.dll
0x000007fefe000000 - 0x000007fefed89000 	C:\Windows\system32\SHELL32.dll
0x000007fefd2c0000 - 0x000007fefd2cf000 	C:\Windows\system32\profapi.dll
0x0000000057080000 - 0x0000000057218000 	C:\Program Files\Java\jdk1.8.0_51\jre\bin\awt.dll
0x000007fef9440000 - 0x000007fef9458000 	C:\Windows\system32\DWMAPI.DLL
0x000007fefac20000 - 0x000007fefac76000 	C:\Windows\system32\uxtheme.dll
0x000007fefd120000 - 0x000007fefd12f000 	C:\Windows\system32\CRYPTBASE.dll
0x000007feef360000 - 0x000007feef55f000 	C:\Windows\system32\d3d9.dll
0x000007feeed50000 - 0x000007feeed57000 	C:\Windows\system32\d3d8thk.dll
0x000007fef8240000 - 0x000007fef8336000 	C:\Windows\system32\nvumdshimx.dll
0x000007fee7660000 - 0x000007fee8716000 	C:\Windows\system32\nvd3dumx.dll
0x000007fefa970000 - 0x000007fefa99c000 	C:\Windows\system32\powrprof.dll
0x000007fefb510000 - 0x000007fefb67a000 	C:\Program Files (x86)\NVIDIA Corporation\3D Vision\nvSCPAPI64.dll
0x000007fef84f0000 - 0x000007fef8823000 	C:\Windows\system32\nvapi64.dll
0x0000000003490000 - 0x00000000034cb000 	C:\Windows\system32\WINTRUST.dll
0x000007fefd3c0000 - 0x000007fefd52d000 	C:\Windows\system32\CRYPT32.dll
0x000007fefd2b0000 - 0x000007fefd2bf000 	C:\Windows\system32\MSASN1.dll
0x000000001e010000 - 0x000000001e557000 	C:\useful stuff\libs\WinUtil.dll
0x0000000074cb0000 - 0x0000000074cb7000 	C:\Program Files\Java\jdk1.8.0_51\jre\bin\jawt.dll
0x000007fefd0c0000 - 0x000007fefd117000 	C:\Windows\system32\apphelp.dll
0x000007fef5d00000 - 0x000007fef5e25000 	C:\Windows\system32\dbghelp.dll

VM Arguments:
jvm_args: -Dfile.encoding=Cp1252 
java_command: test.Youtube
java_class_path (initial): C:\useful stuff\eclipse workspace\Sikuli\bin;C:\useful stuff\sikuli-ide.jar;C:\useful stuff\sikuli-setup.jar;C:\useful stuff\selenium-2.47.1\libs\apache-mime4j-0.6.jar;C:\useful stuff\selenium-2.47.1\libs\bsh-1.3.0.jar;C:\useful stuff\selenium-2.47.1\libs\cglib-nodep-2.1_3.jar;C:\useful stuff\selenium-2.47.1\libs\commons-codec-1.10.jar;C:\useful stuff\selenium-2.47.1\libs\commons-collections-3.2.1.jar;C:\useful stuff\selenium-2.47.1\libs\commons-exec-1.3.jar;C:\useful stuff\selenium-2.47.1\libs\commons-io-2.4.jar;C:\useful stuff\selenium-2.47.1\libs\commons-lang3-3.4.jar;C:\useful stuff\selenium-2.47.1\libs\commons-logging-1.1.3.jar;C:\useful stuff\selenium-2.47.1\libs\cssparser-0.9.16.jar;C:\useful stuff\selenium-2.47.1\libs\gson-2.3.1.jar;C:\useful stuff\selenium-2.47.1\libs\guava-18.0.jar;C:\useful stuff\selenium-2.47.1\libs\hamcrest-core-1.3.jar;C:\useful stuff\selenium-2.47.1\libs\hamcrest-library-1.3.jar;C:\useful stuff\selenium-2.47.1\libs\htmlunit-2.17.jar;C:\useful stuff\selenium-2.47.1\libs\htmlunit-core-js-2.17.jar;C:\useful stuff\selenium-2.47.1\libs\httpclient-4.4.1.jar;C:\useful stuff\selenium-2.47.1\libs\httpcore-4.4.1.jar;C:\useful stuff\selenium-2.47.1\libs\httpmime-4.4.1.jar;C:\useful stuff\selenium-2.47.1\libs\jcommander-1.29.jar;C:\useful stuff\selenium-2.47.1\libs\jetty-io-9.2.11.v20150529.jar;C:\useful stuff\selenium-2.47.1\libs\jetty-util-9.2.11.v20150529.jar;C:\useful stuff\selenium-2.47.1\libs\jna-4.1.0.jar;C:\useful stuff\selenium-2.47.1\libs\jna-platform-4.1.0.jar;C:\useful stuff\selenium-2.47.1\libs\junit-4.12.jar;C:\useful stuff\selenium-2.47.1\libs\nekohtml-1.9.22.jar;C:\useful stuff\selenium-2.47.1\libs\netty-3.5.7.Final.jar;C:\useful stuff\selenium-2.47.1\libs\phantomjsdriver-1.2.1.jar;C:\useful stuff\selenium-2.47.1\libs\sac-1.3.jar;C:\useful stuff\selenium-2.47.1\libs\serializer-2.7.2.jar;C:\useful stuff\selenium-2.47.1\libs\testng-6.8.5.jar;C:\useful stuff\selenium-2.47.1\libs\websocket-api-9.2.11.v2015
Launcher Type: SUN_STANDARD

Environment Variables:
JAVA_HOME=C:\Program Files\Java\jdk1.8.0_51
PATH=C:/Program Files/Java/jdk1.8.0_51/bin/../jre/bin/server;C:/Program Files/Java/jdk1.8.0_51/bin/../jre/bin;C:/Program Files/Java/jdk1.8.0_51/bin/../jre/lib/amd64;C:\Program Files\Java\jdk1.8.0_51/bin;C:\PROGRA~2\ALIENB~1\Client\APPLIC~1\Tools;C:\PROGRA~2\ALIENB~1\Client\APPLIC~1\Bin;C:\Windows\System32;C:\useful stuff\libs;C:\Users\user\Downloads\libs;C:\useful stuff\Eclipse;
USERNAME=user
OS=Windows_NT
PROCESSOR_IDENTIFIER=Intel64 Family 6 Model 42 Stepping 7, GenuineIntel



---------------  S Y S T E M  ---------------

OS: Windows 7 , 64 bit Build 7601 (6.1.7601.18869)

CPU:total 8 (4 cores per cpu, 2 threads per core) family 6 model 42 stepping 7, cmov, cx8, fxsr, mmx, sse, sse2, sse3, ssse3, sse4.1, sse4.2, popcnt, avx, aes, clmul, ht, tsc, tscinvbit

Memory: 4k page, physical 8280884k(5128468k free), swap 16559932k(12613992k free)

vm_info: Java HotSpot(TM) 64-Bit Server VM (25.51-b03) for windows-amd64 JRE (1.8.0_51-b16), built on Jun  8 2015 18:03:07 by "java_re" with MS VC++ 10.0 (VS2010)

time: Wed Aug 12 19:25:14 2015
elapsed time: 2 seconds (0d 0h 0m 2s)

