#
# A fatal error has been detected by the Java Runtime Environment:
#
#  EXCEPTION_ACCESS_VIOLATION (0xc0000005) at pc=0x00000000610030a2, pid=6468, tid=5764
#
# JRE version: Java(TM) SE Runtime Environment (8.0_51-b16) (build 1.8.0_51-b16)
# Java VM: Java HotSpot(TM) 64-Bit Server VM (25.51-b03 mixed mode windows-amd64 compressed oops)
# Problematic frame:
# V  [jvm.dll+0x1430a2]
#
# Failed to write core dump. Minidumps are not enabled by default on client versions of Windows
#
# If you would like to submit a bug report, please visit:
#   http://bugreport.java.com/bugreport/crash.jsp
#

---------------  T H R E A D  ---------------

Current thread (0x00000000022ff000):  JavaThread "main" [_thread_in_vm, id=5764, stack(0x00000000026e0000,0x00000000027e0000)]

siginfo: ExceptionCode=0xc0000005, reading address 0x0000000000000000

Registers:
RAX=0x0000000000000000, RBX=0x00000000022ff000, RCX=0x0000000000000f00, RDX=0x0000000000000000
RSP=0x00000000027df2f0, RBP=0x0000000000000000, RSI=0x0000000000000000, RDI=0x0000000000000000
R8 =0x0000000000000000, R9 =0x00000000000000dd, R10=0x000000000f025e08, R11=0x00000000610e7bb0
R12=0x0000000000000000, R13=0x00000000086f3630, R14=0x00000000027df520, R15=0x00000000022ff000
RIP=0x00000000610030a2, EFLAGS=0x0000000000010202

Top of Stack: (sp=0x00000000027df2f0)
0x00000000027df2f0:   72684320656c676f 0000000000656d6f
0x00000000027df300:   000000000e218bd0 0000000077389aa6
0x00000000027df310:   00000000022ff000 0000000000000000
0x00000000027df320:   00000000022ff000 00000000027df4c8
0x00000000027df330:   0000000000000000 0000000000000001
0x00000000027df340:   000000008227f0f0 00000000822f8418
0x00000000027df350:   000000008227f5e0 00000000b6ccb455
0x00000000027df360:   000000013f5d16d0 000000000e4e18a0
0x00000000027df370:   0000000000000000 0000000000000073
0x00000000027df380:   00000000027df3e8 00000000022ff1f8
0x00000000027df390:   00000000d80bd9c0 000000000f2df546
0x00000000027df3a0:   00000000821fd3f8 00000000027df3a8
0x00000000027df3b0:   00000000081e436a 00000000027df410
0x00000000027df3c0:   000000000827da78 0000000000000000
0x00000000027df3d0:   00000000081e43a0 0000000000000028
0x00000000027df3e0:   00000000d80bd9a8 00000000027df458 

Instructions: (pc=0x00000000610030a2)
0x0000000061003082:   89 5c 24 20 48 89 74 24 28 48 39 73 08 74 0a 48
0x0000000061003092:   8d 4c 24 20 e8 15 47 13 00 40 38 35 3e 6c 6b 00
0x00000000610030a2:   48 8b 3f 48 63 05 60 e6 69 00 74 1b 8b 0c 38 85
0x00000000610030b2:   c9 74 7c 8b c1 8b 0d db d6 64 00 48 d3 e0 48 03 


Register to memory mapping:

RAX=0x0000000000000000 is an unknown value
RBX=0x00000000022ff000 is a thread
RCX=0x0000000000000f00 is an unknown value
RDX=0x0000000000000000 is an unknown value
RSP=0x00000000027df2f0 is pointing into the stack for thread: 0x00000000022ff000
RBP=0x0000000000000000 is an unknown value
RSI=0x0000000000000000 is an unknown value
RDI=0x0000000000000000 is an unknown value
R8 =0x0000000000000000 is an unknown value
R9 =0x00000000000000dd is an unknown value
R10=0x000000000f025e08 is at code_begin+840 in an Interpreter codelet
method entry point (kind = native)  [0x000000000f025ac0, 0x000000000f026420]  2400 bytes
R11=0x00000000610e7bb0 is an unknown value
R12=0x0000000000000000 is an unknown value
R13={method} {0x00000000086f3638} 'openApp' '(Ljava/lang/String;)I' in 'org/sikuli/basics/WinUtil'
R14=0x00000000027df520 is pointing into the stack for thread: 0x00000000022ff000
R15=0x00000000022ff000 is a thread


Stack: [0x00000000026e0000,0x00000000027e0000],  sp=0x00000000027df2f0,  free space=1020k
Native frames: (J=compiled Java code, j=interpreted, Vv=VM code, C=native code)

Java frames: (J=compiled Java code, j=interpreted, Vv=VM code)
j  org.sikuli.basics.WinUtil.openApp(Ljava/lang/String;)I+0
j  org.sikuli.script.App.open()Lorg/sikuli/script/App;+19
j  test.BrowserOperations.openBrowser(Ljava/lang/String;)V+14
j  test.Youtube.main([Ljava/lang/String;)V+48
v  ~StubRoutines::call_stub

---------------  P R O C E S S  ---------------

Java Threads: ( => current thread )
  0x000000000c0bb000 JavaThread "AWT-EventQueue-0" [_thread_blocked, id=4704, stack(0x000000000ca20000,0x000000000cb20000)]
  0x000000000c44e000 JavaThread "AWT-Shutdown" [_thread_blocked, id=6816, stack(0x000000000ee80000,0x000000000ef80000)]
  0x000000000c049800 JavaThread "AWT-Windows" daemon [_thread_in_native, id=6580, stack(0x000000000c6f0000,0x000000000c7f0000)]
  0x000000000c005800 JavaThread "Java2D Disposer" daemon [_thread_blocked, id=7032, stack(0x000000000c5c0000,0x000000000c6c0000)]
  0x0000000009cee800 JavaThread "Service Thread" daemon [_thread_blocked, id=5476, stack(0x000000000ba70000,0x000000000bb70000)]
  0x0000000009c66000 JavaThread "C1 CompilerThread3" daemon [_thread_blocked, id=1624, stack(0x000000000b8f0000,0x000000000b9f0000)]
  0x0000000009c65000 JavaThread "C2 CompilerThread2" daemon [_thread_blocked, id=4460, stack(0x000000000b6a0000,0x000000000b7a0000)]
  0x0000000009c54800 JavaThread "C2 CompilerThread1" daemon [_thread_blocked, id=6220, stack(0x000000000b330000,0x000000000b430000)]
  0x0000000009c50800 JavaThread "C2 CompilerThread0" daemon [_thread_blocked, id=6520, stack(0x000000000b4b0000,0x000000000b5b0000)]
  0x0000000009c5e800 JavaThread "Attach Listener" daemon [_thread_blocked, id=6752, stack(0x000000000b200000,0x000000000b300000)]
  0x0000000009c5d800 JavaThread "Signal Dispatcher" daemon [_thread_blocked, id=7160, stack(0x000000000b070000,0x000000000b170000)]
  0x0000000008b9f000 JavaThread "Finalizer" daemon [_thread_blocked, id=2400, stack(0x000000000ae60000,0x000000000af60000)]
  0x0000000008b98000 JavaThread "Reference Handler" daemon [_thread_blocked, id=6232, stack(0x000000000ab70000,0x000000000ac70000)]
=>0x00000000022ff000 JavaThread "main" [_thread_in_vm, id=5764, stack(0x00000000026e0000,0x00000000027e0000)]

Other Threads:
  0x0000000009c03000 VMThread [stack: 0x000000000ad00000,0x000000000ae00000] [id=4044]
  0x0000000009cb8000 WatcherThread [stack: 0x000000000bc50000,0x000000000bd50000] [id=4564]

VM state:not at safepoint (normal execution)

VM Mutex/Monitor currently owned by a thread: None

Heap:
 PSYoungGen      total 201216K, used 40032K [0x00000000d5e00000, 0x00000000e2a00000, 0x0000000100000000)
  eden space 200192K, 19% used [0x00000000d5e00000,0x00000000d84f02d0,0x00000000e2180000)
  from space 1024K, 15% used [0x00000000e2280000,0x00000000e22a8000,0x00000000e2380000)
  to   space 1024K, 0% used [0x00000000e2180000,0x00000000e2180000,0x00000000e2280000)
 ParOldGen       total 288768K, used 106682K [0x0000000081a00000, 0x0000000093400000, 0x00000000d5e00000)
  object space 288768K, 36% used [0x0000000081a00000,0x000000008822e9f8,0x0000000093400000)
 Metaspace       used 8301K, capacity 8444K, committed 8704K, reserved 1056768K
  class space    used 896K, capacity 957K, committed 1024K, reserved 1048576K

Card table byte_map: [0x0000000002ba0000,0x0000000002fa0000] byte_map_base: 0x0000000002793000

Marking Bits: (ParMarkBitMap*) 0x00000000616c4040
 Begin Bits: [0x0000000003e80000, 0x0000000005e18000)
 End Bits:   [0x0000000005e18000, 0x0000000007db0000)

Polling page: 0x00000000000b0000

CodeCache: size=245760Kb used=2817Kb max_used=3082Kb free=242942Kb
 bounds [0x000000000f010000, 0x000000000f320000, 0x000000001e010000]
 total_blobs=1098 nmethods=678 adapters=333
 compilation: enabled

Compilation events (10 events):
Event: 48.427 Thread 0x0000000009c66000  737       3       java.util.regex.Pattern$GroupTail::match (111 bytes)
Event: 48.428 Thread 0x0000000009c66000 nmethod 737 0x000000000f21d2d0 code [0x000000000f21d460, 0x000000000f21d828]
Event: 48.428 Thread 0x0000000009c66000  738       3       java.lang.String::subSequence (7 bytes)
Event: 48.428 Thread 0x0000000009c66000 nmethod 738 0x000000000f227150 code [0x000000000f2272c0, 0x000000000f2274c8]
Event: 48.428 Thread 0x0000000009c66000  739       3       java.util.Formatter$Conversion::isGeneral (64 bytes)
Event: 48.428 Thread 0x0000000009c66000 nmethod 739 0x000000000f147890 code [0x000000000f1479e0, 0x000000000f147b50]
Event: 48.428 Thread 0x0000000009c66000  740       3       java.util.Formatter$Conversion::isInteger (48 bytes)
Event: 48.428 Thread 0x0000000009c66000 nmethod 740 0x000000000f14c5d0 code [0x000000000f14c720, 0x000000000f14c890]
Event: 48.787 Thread 0x0000000009c66000  741       1       org.sikuli.script.TimeBasedAnimator::running (5 bytes)
Event: 48.787 Thread 0x0000000009c66000 nmethod 741 0x000000000f1ea850 code [0x000000000f1ea9a0, 0x000000000f1eaab0]

GC Heap History (10 events):
Event: 21.181 GC heap before
{Heap before GC invocations=19 (full 6):
 PSYoungGen      total 146944K, used 145920K [0x00000000d5e00000, 0x00000000def80000, 0x0000000100000000)
  eden space 145920K, 100% used [0x00000000d5e00000,0x00000000dec80000,0x00000000dec80000)
  from space 1024K, 0% used [0x00000000dee80000,0x00000000dee80000,0x00000000def80000)
  to   space 1536K, 0% used [0x00000000dec80000,0x00000000dec80000,0x00000000dee00000)
 ParOldGen       total 242688K, used 41871K [0x0000000081a00000, 0x0000000090700000, 0x00000000d5e00000)
  object space 242688K, 17% used [0x0000000081a00000,0x00000000842e3e78,0x0000000090700000)
 Metaspace       used 8264K, capacity 8444K, committed 8704K, reserved 1056768K
  class space    used 896K, capacity 957K, committed 1024K, reserved 1048576K
Event: 21.187 GC heap after
Heap after GC invocations=19 (full 6):
 PSYoungGen      total 147456K, used 160K [0x00000000d5e00000, 0x00000000e0e00000, 0x0000000100000000)
  eden space 145920K, 0% used [0x00000000d5e00000,0x00000000d5e00000,0x00000000dec80000)
  from space 1536K, 10% used [0x00000000dec80000,0x00000000deca8000,0x00000000dee00000)
  to   space 1536K, 0% used [0x00000000e0c80000,0x00000000e0c80000,0x00000000e0e00000)
 ParOldGen       total 242688K, used 90479K [0x0000000081a00000, 0x0000000090700000, 0x00000000d5e00000)
  object space 242688K, 37% used [0x0000000081a00000,0x000000008725bed8,0x0000000090700000)
 Metaspace       used 8264K, capacity 8444K, committed 8704K, reserved 1056768K
  class space    used 896K, capacity 957K, committed 1024K, reserved 1048576K
}
Event: 35.557 GC heap before
{Heap before GC invocations=20 (full 6):
 PSYoungGen      total 147456K, used 146080K [0x00000000d5e00000, 0x00000000e0e00000, 0x0000000100000000)
  eden space 145920K, 100% used [0x00000000d5e00000,0x00000000dec80000,0x00000000dec80000)
  from space 1536K, 10% used [0x00000000dec80000,0x00000000deca8000,0x00000000dee00000)
  to   space 1536K, 0% used [0x00000000e0c80000,0x00000000e0c80000,0x00000000e0e00000)
 ParOldGen       total 242688K, used 90479K [0x0000000081a00000, 0x0000000090700000, 0x00000000d5e00000)
  object space 242688K, 37% used [0x0000000081a00000,0x000000008725bed8,0x0000000090700000)
 Metaspace       used 8290K, capacity 8444K, committed 8704K, reserved 1056768K
  class space    used 896K, capacity 957K, committed 1024K, reserved 1048576K
Event: 35.563 GC heap after
Heap after GC invocations=20 (full 6):
 PSYoungGen      total 172544K, used 160K [0x00000000d5e00000, 0x00000000e0d00000, 0x0000000100000000)
  eden space 172032K, 0% used [0x00000000d5e00000,0x00000000d5e00000,0x00000000e0600000)
  from space 512K, 31% used [0x00000000e0c80000,0x00000000e0ca8000,0x00000000e0d00000)
  to   space 1024K, 0% used [0x00000000e0b00000,0x00000000e0b00000,0x00000000e0c00000)
 ParOldGen       total 242688K, used 147187K [0x0000000081a00000, 0x0000000090700000, 0x00000000d5e00000)
  object space 242688K, 60% used [0x0000000081a00000,0x000000008a9bcf48,0x0000000090700000)
 Metaspace       used 8290K, capacity 8444K, committed 8704K, reserved 1056768K
  class space    used 896K, capacity 957K, committed 1024K, reserved 1048576K
}
Event: 38.550 GC heap before
{Heap before GC invocations=21 (full 6):
 PSYoungGen      total 172544K, used 172192K [0x00000000d5e00000, 0x00000000e0d00000, 0x0000000100000000)
  eden space 172032K, 100% used [0x00000000d5e00000,0x00000000e0600000,0x00000000e0600000)
  from space 512K, 31% used [0x00000000e0c80000,0x00000000e0ca8000,0x00000000e0d00000)
  to   space 1024K, 0% used [0x00000000e0b00000,0x00000000e0b00000,0x00000000e0c00000)
 ParOldGen       total 242688K, used 147187K [0x0000000081a00000, 0x0000000090700000, 0x00000000d5e00000)
  object space 242688K, 60% used [0x0000000081a00000,0x000000008a9bcf48,0x0000000090700000)
 Metaspace       used 8291K, capacity 8444K, committed 8704K, reserved 1056768K
  class space    used 896K, capacity 957K, committed 1024K, reserved 1048576K
Event: 38.561 GC heap after
Heap after GC invocations=21 (full 6):
 PSYoungGen      total 178176K, used 128K [0x00000000d5e00000, 0x00000000e2380000, 0x0000000100000000)
  eden space 177152K, 0% used [0x00000000d5e00000,0x00000000d5e00000,0x00000000e0b00000)
  from space 1024K, 12% used [0x00000000e0b00000,0x00000000e0b20000,0x00000000e0c00000)
  to   space 1024K, 0% used [0x00000000e2280000,0x00000000e2280000,0x00000000e2380000)
 ParOldGen       total 242688K, used 187687K [0x0000000081a00000, 0x0000000090700000, 0x00000000d5e00000)
  object space 242688K, 77% used [0x0000000081a00000,0x000000008d149f98,0x0000000090700000)
 Metaspace       used 8291K, capacity 8444K, committed 8704K, reserved 1056768K
  class space    used 896K, capacity 957K, committed 1024K, reserved 1048576K
}
Event: 38.561 GC heap before
{Heap before GC invocations=22 (full 7):
 PSYoungGen      total 178176K, used 128K [0x00000000d5e00000, 0x00000000e2380000, 0x0000000100000000)
  eden space 177152K, 0% used [0x00000000d5e00000,0x00000000d5e00000,0x00000000e0b00000)
  from space 1024K, 12% used [0x00000000e0b00000,0x00000000e0b20000,0x00000000e0c00000)
  to   space 1024K, 0% used [0x00000000e2280000,0x00000000e2280000,0x00000000e2380000)
 ParOldGen       total 242688K, used 187687K [0x0000000081a00000, 0x0000000090700000, 0x00000000d5e00000)
  object space 242688K, 77% used [0x0000000081a00000,0x000000008d149f98,0x0000000090700000)
 Metaspace       used 8291K, capacity 8444K, committed 8704K, reserved 1056768K
  class space    used 896K, capacity 957K, committed 1024K, reserved 1048576K
Event: 38.570 GC heap after
Heap after GC invocations=22 (full 7):
 PSYoungGen      total 178176K, used 0K [0x00000000d5e00000, 0x00000000e2380000, 0x0000000100000000)
  eden space 177152K, 0% used [0x00000000d5e00000,0x00000000d5e00000,0x00000000e0b00000)
  from space 1024K, 0% used [0x00000000e0b00000,0x00000000e0b00000,0x00000000e0c00000)
  to   space 1024K, 0% used [0x00000000e2280000,0x00000000e2280000,0x00000000e2380000)
 ParOldGen       total 288768K, used 58074K [0x0000000081a00000, 0x0000000093400000, 0x00000000d5e00000)
  object space 288768K, 20% used [0x0000000081a00000,0x00000000852b6998,0x0000000093400000)
 Metaspace       used 8291K, capacity 8444K, committed 8704K, reserved 1056768K
  class space    used 896K, capacity 957K, committed 1024K, reserved 1048576K
}
Event: 48.330 GC heap before
{Heap before GC invocations=23 (full 7):
 PSYoungGen      total 178176K, used 177152K [0x00000000d5e00000, 0x00000000e2380000, 0x0000000100000000)
  eden space 177152K, 100% used [0x00000000d5e00000,0x00000000e0b00000,0x00000000e0b00000)
  from space 1024K, 0% used [0x00000000e0b00000,0x00000000e0b00000,0x00000000e0c00000)
  to   space 1024K, 0% used [0x00000000e2280000,0x00000000e2280000,0x00000000e2380000)
 ParOldGen       total 288768K, used 58074K [0x0000000081a00000, 0x0000000093400000, 0x00000000d5e00000)
  object space 288768K, 20% used [0x0000000081a00000,0x00000000852b6998,0x0000000093400000)
 Metaspace       used 8298K, capacity 8444K, committed 8704K, reserved 1056768K
  class space    used 896K, capacity 957K, committed 1024K, reserved 1048576K
Event: 48.335 GC heap after
Heap after GC invocations=23 (full 7):
 PSYoungGen      total 201216K, used 160K [0x00000000d5e00000, 0x00000000e2a00000, 0x0000000100000000)
  eden space 200192K, 0% used [0x00000000d5e00000,0x00000000d5e00000,0x00000000e2180000)
  from space 1024K, 15% used [0x00000000e2280000,0x00000000e22a8000,0x00000000e2380000)
  to   space 1024K, 0% used [0x00000000e2180000,0x00000000e2180000,0x00000000e2280000)
 ParOldGen       total 288768K, used 106682K [0x0000000081a00000, 0x0000000093400000, 0x00000000d5e00000)
  object space 288768K, 36% used [0x0000000081a00000,0x000000008822e9f8,0x0000000093400000)
 Metaspace       used 8298K, capacity 8444K, committed 8704K, reserved 1056768K
  class space    used 896K, capacity 957K, committed 1024K, reserved 1048576K
}

Deoptimization events (10 events):
Event: 0.520 Thread 0x00000000022ff000 Uncommon trap: reason=unstable_if action=reinterpret pc=0x000000000f227608 method=sun.util.calendar.CalendarUtils.isGregorianLeapYear(I)Z @ 3
Event: 0.571 Thread 0x00000000022ff000 Uncommon trap: reason=class_check action=maybe_recompile pc=0x000000000f22a6ec method=java.util.zip.InflaterInputStream.read([BII)I @ 100
Event: 0.573 Thread 0x00000000022ff000 Uncommon trap: reason=class_check action=maybe_recompile pc=0x000000000f22a6ec method=java.util.zip.InflaterInputStream.read([BII)I @ 100
Event: 0.573 Thread 0x00000000022ff000 Uncommon trap: reason=class_check action=maybe_recompile pc=0x000000000f22a6ec method=java.util.zip.InflaterInputStream.read([BII)I @ 100
Event: 0.573 Thread 0x00000000022ff000 Uncommon trap: reason=class_check action=maybe_recompile pc=0x000000000f22a6ec method=java.util.zip.InflaterInputStream.read([BII)I @ 100
Event: 2.158 Thread 0x00000000022ff000 Uncommon trap: reason=unstable_if action=reinterpret pc=0x000000000f23faac method=java.util.zip.ZipCoder.decoder()Ljava/nio/charset/CharsetDecoder; @ 4
Event: 5.043 Thread 0x00000000022ff000 Uncommon trap: reason=unstable_if action=reinterpret pc=0x000000000f2b7464 method=java.awt.image.ComponentColorModel.getDataElements(ILjava/lang/Object;)Ljava/lang/Object; @ 30
Event: 5.045 Thread 0x00000000022ff000 Uncommon trap: reason=unstable_if action=reinterpret pc=0x000000000f28f078 method=sun.awt.image.ByteInterleavedRaster.getDataElements(IILjava/lang/Object;)Ljava/lang/Object; @ 43
Event: 8.513 Thread 0x00000000022ff000 Uncommon trap: reason=unstable_if action=reinterpret pc=0x000000000f2e6ce4 method=sun.java2d.loops.OpaqueCopyAnyToArgb.Blit(Lsun/java2d/SurfaceData;Lsun/java2d/SurfaceData;Ljava/awt/Composite;Lsun/java2d/pipe/Region;IIIIII)V @ 150
Event: 8.617 Thread 0x00000000022ff000 Uncommon trap: reason=unstable_if action=reinterpret pc=0x000000000f2e1724 method=sun.java2d.loops.OpaqueCopyArgbToAny.Blit(Lsun/java2d/SurfaceData;Lsun/java2d/SurfaceData;Ljava/awt/Composite;Lsun/java2d/pipe/Region;IIIIII)V @ 159

Internal exceptions (10 events):
Event: 15.036 Thread 0x00000000022ff000 Exception <a 'java/lang/ClassNotFoundException': sun/net/www/protocol/c/Handler> (0x00000000d8ff9b88) thrown at [C:\re\workspace\8-2-build-windows-amd64-cygwin\jdk8u51\3951\hotspot\src\share\vm\classfile\systemDictionary.cpp, line 210]
Event: 15.895 Thread 0x00000000022ff000 Exception <a 'java/lang/ClassNotFoundException': sun/net/www/protocol/c/Handler> (0x00000000d6b70698) thrown at [C:\re\workspace\8-2-build-windows-amd64-cygwin\jdk8u51\3951\hotspot\src\share\vm\classfile\systemDictionary.cpp, line 210]
Event: 15.953 Thread 0x00000000022ff000 Exception <a 'java/lang/ClassNotFoundException': sun/net/www/protocol/c/Handler> (0x00000000d6bda5a8) thrown at [C:\re\workspace\8-2-build-windows-amd64-cygwin\jdk8u51\3951\hotspot\src\share\vm\classfile\systemDictionary.cpp, line 210]
Event: 16.825 Thread 0x00000000022ff000 Exception <a 'java/lang/ClassNotFoundException': sun/net/www/protocol/c/Handler> (0x00000000dbbebe78) thrown at [C:\re\workspace\8-2-build-windows-amd64-cygwin\jdk8u51\3951\hotspot\src\share\vm\classfile\systemDictionary.cpp, line 210]
Event: 21.232 Thread 0x00000000022ff000 Exception <a 'java/lang/ClassNotFoundException': sun/net/www/protocol/c/Handler> (0x00000000d7ff89f0) thrown at [C:\re\workspace\8-2-build-windows-amd64-cygwin\jdk8u51\3951\hotspot\src\share\vm\classfile\systemDictionary.cpp, line 210]
Event: 22.152 Thread 0x00000000022ff000 Exception <a 'java/lang/ClassNotFoundException': sun/net/www/protocol/c/Handler> (0x00000000dd051838) thrown at [C:\re\workspace\8-2-build-windows-amd64-cygwin\jdk8u51\3951\hotspot\src\share\vm\classfile\systemDictionary.cpp, line 210]
Event: 35.633 Thread 0x00000000022ff000 Exception <a 'java/lang/ClassNotFoundException': sun/net/www/protocol/c/Handler> (0x00000000d92c6fd0) thrown at [C:\re\workspace\8-2-build-windows-amd64-cygwin\jdk8u51\3951\hotspot\src\share\vm\classfile\systemDictionary.cpp, line 210]
Event: 38.626 Thread 0x00000000022ff000 Exception <a 'java/lang/ClassNotFoundException': sun/net/www/protocol/c/Handler> (0x00000000d8a69540) thrown at [C:\re\workspace\8-2-build-windows-amd64-cygwin\jdk8u51\3951\hotspot\src\share\vm\classfile\systemDictionary.cpp, line 210]
Event: 47.502 Thread 0x00000000022ff000 Exception <a 'java/lang/ClassNotFoundException': sun/net/www/protocol/c/Handler> (0x00000000ddd25548) thrown at [C:\re\workspace\8-2-build-windows-amd64-cygwin\jdk8u51\3951\hotspot\src\share\vm\classfile\systemDictionary.cpp, line 210]
Event: 48.381 Thread 0x00000000022ff000 Exception <a 'java/lang/ClassNotFoundException': sun/net/www/protocol/c/Handler> (0x00000000d80b4800) thrown at [C:\re\workspace\8-2-build-windows-amd64-cygwin\jdk8u51\3951\hotspot\src\share\vm\classfile\systemDictionary.cpp, line 210]

Events (10 events):
Event: 48.336 Executing VM operation: RevokeBias
Event: 48.336 Executing VM operation: RevokeBias done
Event: 48.336 Executing VM operation: RevokeBias
Event: 48.336 Executing VM operation: RevokeBias done
Event: 48.336 Executing VM operation: RevokeBias
Event: 48.336 Executing VM operation: RevokeBias done
Event: 48.381 loading class sun/net/www/protocol/c/Handler
Event: 48.381 loading class sun/net/www/protocol/c/Handler done
Event: 48.381 loading class sun/net/www/protocol/c/Handler
Event: 48.381 loading class sun/net/www/protocol/c/Handler done


Dynamic libraries:
0x000000013f590000 - 0x000000013f5c7000 	C:\Program Files\Java\jdk1.8.0_51\bin\javaw.exe
0x0000000077470000 - 0x0000000077619000 	C:\Windows\SYSTEM32\ntdll.dll
0x0000000077250000 - 0x000000007736f000 	C:\Windows\system32\kernel32.dll
0x000007fefd350000 - 0x000007fefd3bc000 	C:\Windows\system32\KERNELBASE.dll
0x000007feff070000 - 0x000007feff14b000 	C:\Windows\system32\ADVAPI32.dll
0x000007fefd7e0000 - 0x000007fefd87f000 	C:\Windows\system32\msvcrt.dll
0x000007fefde00000 - 0x000007fefde1f000 	C:\Windows\SYSTEM32\sechost.dll
0x000007fefef40000 - 0x000007feff06d000 	C:\Windows\system32\RPCRT4.dll
0x0000000077370000 - 0x000000007746a000 	C:\Windows\system32\USER32.dll
0x000007fefdd90000 - 0x000007fefddf7000 	C:\Windows\system32\GDI32.dll
0x000007fefedc0000 - 0x000007fefedce000 	C:\Windows\system32\LPK.dll
0x000007fefd670000 - 0x000007fefd739000 	C:\Windows\system32\USP10.dll
0x000007fefbbd0000 - 0x000007fefbdc4000 	C:\Windows\WinSxS\amd64_microsoft.windows.common-controls_6595b64144ccf1df_6.0.7601.18837_none_fa3b1e3d17594757\COMCTL32.dll
0x000007fefdb10000 - 0x000007fefdb81000 	C:\Windows\system32\SHLWAPI.dll
0x000007fefed90000 - 0x000007fefedbe000 	C:\Windows\system32\IMM32.DLL
0x000007fefdbe0000 - 0x000007fefdce9000 	C:\Windows\system32\MSCTF.dll
0x000007fefd1f0000 - 0x000007fefd21f000 	C:\Windows\system32\nvinitx.dll
0x000000000f000000 - 0x000000000f006000 	C:\Program Files\NVIDIA Corporation\CoProcManager\detoured.dll
0x000007fef8830000 - 0x000007fef8863000 	C:\Program Files\NVIDIA Corporation\CoProcManager\nvd3d9wrapx.dll
0x000007fefde20000 - 0x000007fefdff7000 	C:\Windows\system32\SETUPAPI.dll
0x000007fefd560000 - 0x000007fefd596000 	C:\Windows\system32\CFGMGR32.dll
0x000007feff640000 - 0x000007feff717000 	C:\Windows\system32\OLEAUT32.dll
0x000007fefd880000 - 0x000007fefda83000 	C:\Windows\system32\ole32.dll
0x000007fefd540000 - 0x000007fefd55a000 	C:\Windows\system32\DEVOBJ.dll
0x000007fef84c0000 - 0x000007fef84e3000 	C:\Program Files\NVIDIA Corporation\CoProcManager\nvdxgiwrapx.dll
0x0000000056a30000 - 0x0000000056b02000 	C:\Program Files\Java\jdk1.8.0_51\jre\bin\msvcr100.dll
0x0000000060ec0000 - 0x0000000061743000 	C:\Program Files\Java\jdk1.8.0_51\jre\bin\server\jvm.dll
0x000007fef7970000 - 0x000007fef7979000 	C:\Windows\system32\WSOCK32.dll
0x000007fefdb90000 - 0x000007fefdbdd000 	C:\Windows\system32\WS2_32.dll
0x000007feff150000 - 0x000007feff158000 	C:\Windows\system32\NSI.dll
0x000007fef9540000 - 0x000007fef957b000 	C:\Windows\system32\WINMM.dll
0x000007fefc1a0000 - 0x000007fefc1ac000 	C:\Windows\system32\VERSION.dll
0x0000000077630000 - 0x0000000077637000 	C:\Windows\system32\PSAPI.DLL
0x0000000062370000 - 0x000000006237f000 	C:\Program Files\Java\jdk1.8.0_51\jre\bin\verify.dll
0x0000000062340000 - 0x0000000062369000 	C:\Program Files\Java\jdk1.8.0_51\jre\bin\java.dll
0x0000000062320000 - 0x0000000062336000 	C:\Program Files\Java\jdk1.8.0_51\jre\bin\zip.dll
0x000007fefe000000 - 0x000007fefed89000 	C:\Windows\system32\SHELL32.dll
0x000007fefd2c0000 - 0x000007fefd2cf000 	C:\Windows\system32\profapi.dll
0x00000000562f0000 - 0x0000000056488000 	C:\Program Files\Java\jdk1.8.0_51\jre\bin\awt.dll
0x000007fef9440000 - 0x000007fef9458000 	C:\Windows\system32\DWMAPI.DLL
0x000007fefac20000 - 0x000007fefac76000 	C:\Windows\system32\uxtheme.dll
0x000007fefd120000 - 0x000007fefd12f000 	C:\Windows\system32\CRYPTBASE.dll
0x000007feef360000 - 0x000007feef55f000 	C:\Windows\system32\d3d9.dll
0x000007feeed50000 - 0x000007feeed57000 	C:\Windows\system32\d3d8thk.dll
0x000007fef8240000 - 0x000007fef8336000 	C:\Windows\system32\nvumdshimx.dll
0x000007fee7660000 - 0x000007fee8716000 	C:\Windows\system32\nvd3dumx.dll
0x000007fefa970000 - 0x000007fefa99c000 	C:\Windows\system32\powrprof.dll
0x000007fefb190000 - 0x000007fefb2fa000 	C:\Program Files (x86)\NVIDIA Corporation\3D Vision\nvSCPAPI64.dll
0x000007fef84f0000 - 0x000007fef8823000 	C:\Windows\system32\nvapi64.dll
0x0000000003250000 - 0x000000000328b000 	C:\Windows\system32\WINTRUST.dll
0x000007fefd3c0000 - 0x000007fefd52d000 	C:\Windows\system32\CRYPT32.dll
0x000007fefd2b0000 - 0x000007fefd2bf000 	C:\Windows\system32\MSASN1.dll
0x000000000e4e0000 - 0x000000000ea27000 	C:\useful stuff\libs\WinUtil.dll
0x0000000057930000 - 0x0000000057937000 	C:\Program Files\Java\jdk1.8.0_51\jre\bin\jawt.dll
0x000007fefd0c0000 - 0x000007fefd117000 	C:\Windows\system32\apphelp.dll
0x000000001ffc0000 - 0x00000000205c8000 	C:\useful stuff\libs\VisionProxy.dll
0x0000000068a00000 - 0x0000000068df3000 	C:\useful stuff\libs\libtesseract-3.dll
0x000000006a5c0000 - 0x000000006a6c6000 	C:\useful stuff\libs\libstdc++_64-6.dll
0x0000000063180000 - 0x00000000631a1000 	C:\useful stuff\libs\libgcc_s_sjlj_64-1.dll
0x0000000065c00000 - 0x0000000065daa000 	C:\useful stuff\libs\liblept-2.dll
0x0000000069a00000 - 0x0000000069a5d000 	C:\useful stuff\libs\libjpeg-9.dll
0x0000000064740000 - 0x0000000064784000 	C:\useful stuff\libs\libpng15-15.dll
0x0000000062e80000 - 0x0000000062ea6000 	C:\useful stuff\libs\zlib1.dll
0x00000000667c0000 - 0x0000000066acb000 	C:\useful stuff\libs\libopencv_imgproc244.dll
0x000000006b580000 - 0x000000006b855000 	C:\useful stuff\libs\libopencv_core244.dll
0x000000000ec70000 - 0x000000000ee60000 	C:\useful stuff\libs\libopencv_highgui244.dll
0x000007fefb920000 - 0x000007fefb937000 	C:\Windows\system32\AVICAP32.dll
0x000007fefb8f0000 - 0x000007fefb919000 	C:\Windows\system32\MSVFW32.dll
0x000007fefb8d0000 - 0x000007fefb8ef000 	C:\Windows\system32\AVIFIL32.dll
0x000007fef93c0000 - 0x000007fef93d8000 	C:\Windows\system32\MSACM32.dll
0x000007fef5d00000 - 0x000007fef5e25000 	C:\Windows\system32\dbghelp.dll

VM Arguments:
jvm_args: -Dfile.encoding=Cp1252 
java_command: test.Youtube
java_class_path (initial): C:\useful stuff\eclipse workspace\Sikuli\bin;C:\useful stuff\sikuli-ide.jar;C:\useful stuff\sikuli-setup.jar;C:\useful stuff\selenium-2.47.1\libs\apache-mime4j-0.6.jar;C:\useful stuff\selenium-2.47.1\libs\bsh-1.3.0.jar;C:\useful stuff\selenium-2.47.1\libs\cglib-nodep-2.1_3.jar;C:\useful stuff\selenium-2.47.1\libs\commons-codec-1.10.jar;C:\useful stuff\selenium-2.47.1\libs\commons-collections-3.2.1.jar;C:\useful stuff\selenium-2.47.1\libs\commons-exec-1.3.jar;C:\useful stuff\selenium-2.47.1\libs\commons-io-2.4.jar;C:\useful stuff\selenium-2.47.1\libs\commons-lang3-3.4.jar;C:\useful stuff\selenium-2.47.1\libs\commons-logging-1.1.3.jar;C:\useful stuff\selenium-2.47.1\libs\cssparser-0.9.16.jar;C:\useful stuff\selenium-2.47.1\libs\gson-2.3.1.jar;C:\useful stuff\selenium-2.47.1\libs\guava-18.0.jar;C:\useful stuff\selenium-2.47.1\libs\hamcrest-core-1.3.jar;C:\useful stuff\selenium-2.47.1\libs\hamcrest-library-1.3.jar;C:\useful stuff\selenium-2.47.1\libs\htmlunit-2.17.jar;C:\useful stuff\selenium-2.47.1\libs\htmlunit-core-js-2.17.jar;C:\useful stuff\selenium-2.47.1\libs\httpclient-4.4.1.jar;C:\useful stuff\selenium-2.47.1\libs\httpcore-4.4.1.jar;C:\useful stuff\selenium-2.47.1\libs\httpmime-4.4.1.jar;C:\useful stuff\selenium-2.47.1\libs\jcommander-1.29.jar;C:\useful stuff\selenium-2.47.1\libs\jetty-io-9.2.11.v20150529.jar;C:\useful stuff\selenium-2.47.1\libs\jetty-util-9.2.11.v20150529.jar;C:\useful stuff\selenium-2.47.1\libs\jna-4.1.0.jar;C:\useful stuff\selenium-2.47.1\libs\jna-platform-4.1.0.jar;C:\useful stuff\selenium-2.47.1\libs\junit-4.12.jar;C:\useful stuff\selenium-2.47.1\libs\nekohtml-1.9.22.jar;C:\useful stuff\selenium-2.47.1\libs\netty-3.5.7.Final.jar;C:\useful stuff\selenium-2.47.1\libs\phantomjsdriver-1.2.1.jar;C:\useful stuff\selenium-2.47.1\libs\sac-1.3.jar;C:\useful stuff\selenium-2.47.1\libs\serializer-2.7.2.jar;C:\useful stuff\selenium-2.47.1\libs\testng-6.8.5.jar;C:\useful stuff\selenium-2.47.1\libs\websocket-api-9.2.11.v2015
Launcher Type: SUN_STANDARD

Environment Variables:
JAVA_HOME=C:\Program Files\Java\jdk1.8.0_51
PATH=C:/Program Files/Java/jdk1.8.0_51/bin/../jre/bin/server;C:/Program Files/Java/jdk1.8.0_51/bin/../jre/bin;C:/Program Files/Java/jdk1.8.0_51/bin/../jre/lib/amd64;C:\Program Files\Java\jdk1.8.0_51/bin;C:\PROGRA~2\ALIENB~1\Client\APPLIC~1\Tools;C:\PROGRA~2\ALIENB~1\Client\APPLIC~1\Bin;C:\Windows\System32;C:\useful stuff\libs;C:\Users\user\Downloads\libs;C:\useful stuff\Eclipse;
USERNAME=user
OS=Windows_NT
PROCESSOR_IDENTIFIER=Intel64 Family 6 Model 42 Stepping 7, GenuineIntel



---------------  S Y S T E M  ---------------

OS: Windows 7 , 64 bit Build 7601 (6.1.7601.18869)

CPU:total 8 (4 cores per cpu, 2 threads per core) family 6 model 42 stepping 7, cmov, cx8, fxsr, mmx, sse, sse2, sse3, ssse3, sse4.1, sse4.2, popcnt, avx, aes, clmul, ht, tsc, tscinvbit

Memory: 4k page, physical 8280884k(3605648k free), swap 16559932k(10368464k free)

vm_info: Java HotSpot(TM) 64-Bit Server VM (25.51-b03) for windows-amd64 JRE (1.8.0_51-b16), built on Jun  8 2015 18:03:07 by "java_re" with MS VC++ 10.0 (VS2010)

time: Wed Aug 12 19:51:55 2015
elapsed time: 49 seconds (0d 0h 0m 49s)

