#
# A fatal error has been detected by the Java Runtime Environment:
#
#  EXCEPTION_ACCESS_VIOLATION (0xc0000005) at pc=0x000000006f7030a2, pid=4892, tid=6152
#
# JRE version: Java(TM) SE Runtime Environment (8.0_51-b16) (build 1.8.0_51-b16)
# Java VM: Java HotSpot(TM) 64-Bit Server VM (25.51-b03 mixed mode windows-amd64 compressed oops)
# Problematic frame:
# V  [jvm.dll+0x1430a2]
#
# Failed to write core dump. Minidumps are not enabled by default on client versions of Windows
#
# If you would like to submit a bug report, please visit:
#   http://bugreport.java.com/bugreport/crash.jsp
#

---------------  T H R E A D  ---------------

Current thread (0x000000000011f000):  JavaThread "main" [_thread_in_vm, id=6152, stack(0x0000000002670000,0x0000000002770000)]

siginfo: ExceptionCode=0xc0000005, reading address 0x0000000000000000

Registers:
RAX=0x0000000000000000, RBX=0x000000000011f000, RCX=0x0000000000000f00, RDX=0x0000000000000000
RSP=0x000000000276ee90, RBP=0x0000000000000000, RSI=0x0000000000000000, RDI=0x0000000000000000
R8 =0x0000000000000000, R9 =0x0000000002286e40, R10=0x000000000f025e08, R11=0x000000006f7e7bb0
R12=0x0000000000000000, R13=0x0000000008453630, R14=0x000000000276f0c0, R15=0x000000000011f000
RIP=0x000000006f7030a2, EFLAGS=0x0000000000010202

Top of Stack: (sp=0x000000000276ee90)
0x000000000276ee90:   0000000008453630 000000000011f000
0x000000000276eea0:   0000000002760000 000000000276f0b8
0x000000000276eeb0:   000000000011f000 0000000000000000
0x000000000276eec0:   000000000011e8c0 000000006f798bd1
0x000000000276eed0:   000000000011f510 000000000276eff0
0x000000000276eee0:   000000000276ef60 000000000011f510
0x000000000276eef0:   0000000000000004 000000006f6a473f
0x000000000276ef00:   0000000000000009 0000000061e018a0
0x000000000276ef10:   0000000000000000 0000000000000073
0x000000000276ef20:   0000000008453630 000000000011f1f8
0x000000000276ef30:   000000000276eff0 000000006f798db7
0x000000000276ef40:   000000000276eff0 0000000061e01880
0x000000000276ef50:   000000000011f000 000000000276efc0
0x000000000276ef60:   0000000008453630 000000000011f000
0x000000000276ef70:   000000000011f000 0000000002286e40
0x000000000276ef80:   0000000008453630 000000000276f0c0 

Instructions: (pc=0x000000006f7030a2)
0x000000006f703082:   89 5c 24 20 48 89 74 24 28 48 39 73 08 74 0a 48
0x000000006f703092:   8d 4c 24 20 e8 15 47 13 00 40 38 35 3e 6c 6b 00
0x000000006f7030a2:   48 8b 3f 48 63 05 60 e6 69 00 74 1b 8b 0c 38 85
0x000000006f7030b2:   c9 74 7c 8b c1 8b 0d db d6 64 00 48 d3 e0 48 03 


Register to memory mapping:

RAX=0x0000000000000000 is an unknown value
RBX=0x000000000011f000 is a thread
RCX=0x0000000000000f00 is an unknown value
RDX=0x0000000000000000 is an unknown value
RSP=0x000000000276ee90 is pointing into the stack for thread: 0x000000000011f000
RBP=0x0000000000000000 is an unknown value
RSI=0x0000000000000000 is an unknown value
RDI=0x0000000000000000 is an unknown value
R8 =0x0000000000000000 is an unknown value
R9 =0x0000000002286e40 is an unknown value
R10=0x000000000f025e08 is at code_begin+840 in an Interpreter codelet
method entry point (kind = native)  [0x000000000f025ac0, 0x000000000f026420]  2400 bytes
R11=0x000000006f7e7bb0 is an unknown value
R12=0x0000000000000000 is an unknown value
R13={method} {0x0000000008453638} 'openApp' '(Ljava/lang/String;)I' in 'org/sikuli/basics/WinUtil'
R14=0x000000000276f0c0 is pointing into the stack for thread: 0x000000000011f000
R15=0x000000000011f000 is a thread


Stack: [0x0000000002670000,0x0000000002770000],  sp=0x000000000276ee90,  free space=1019k
Native frames: (J=compiled Java code, j=interpreted, Vv=VM code, C=native code)

Java frames: (J=compiled Java code, j=interpreted, Vv=VM code)
j  org.sikuli.basics.WinUtil.openApp(Ljava/lang/String;)I+0
j  org.sikuli.script.App.open()Lorg/sikuli/script/App;+19
j  test.BrowserOperations.openBrowser(Ljava/lang/String;)V+14
j  test.Youtube.main([Ljava/lang/String;)V+48
v  ~StubRoutines::call_stub

---------------  P R O C E S S  ---------------

Java Threads: ( => current thread )
  0x000000000bb85800 JavaThread "AWT-Windows" daemon [_thread_in_native, id=2292, stack(0x000000000c540000,0x000000000c640000)]
  0x000000000bb84800 JavaThread "AWT-Shutdown" [_thread_blocked, id=4876, stack(0x000000000c3a0000,0x000000000c4a0000)]
  0x000000000bb83000 JavaThread "Java2D Disposer" daemon [_thread_blocked, id=6604, stack(0x000000000c150000,0x000000000c250000)]
  0x0000000009a53800 JavaThread "Service Thread" daemon [_thread_blocked, id=6548, stack(0x000000000b5c0000,0x000000000b6c0000)]
  0x000000000890e000 JavaThread "C1 CompilerThread3" daemon [_thread_blocked, id=2104, stack(0x000000000b460000,0x000000000b560000)]
  0x000000000890d000 JavaThread "C2 CompilerThread2" daemon [_thread_blocked, id=6632, stack(0x000000000b300000,0x000000000b400000)]
  0x000000000890a000 JavaThread "C2 CompilerThread1" daemon [_thread_blocked, id=2284, stack(0x000000000ac90000,0x000000000ad90000)]
  0x00000000099b7800 JavaThread "C2 CompilerThread0" daemon [_thread_blocked, id=6764, stack(0x000000000a8d0000,0x000000000a9d0000)]
  0x00000000099b0800 JavaThread "Attach Listener" daemon [_thread_blocked, id=7128, stack(0x000000000b0b0000,0x000000000b1b0000)]
  0x00000000099af000 JavaThread "Signal Dispatcher" daemon [_thread_blocked, id=4832, stack(0x000000000af90000,0x000000000b090000)]
  0x00000000088fd800 JavaThread "Finalizer" daemon [_thread_blocked, id=3664, stack(0x000000000ae00000,0x000000000af00000)]
  0x00000000088f4800 JavaThread "Reference Handler" daemon [_thread_blocked, id=6044, stack(0x000000000ab50000,0x000000000ac50000)]
=>0x000000000011f000 JavaThread "main" [_thread_in_vm, id=6152, stack(0x0000000002670000,0x0000000002770000)]

Other Threads:
  0x0000000009960800 VMThread [stack: 0x000000000a9d0000,0x000000000aad0000] [id=7140]
  0x0000000009a12000 WatcherThread [stack: 0x000000000b7a0000,0x000000000b8a0000] [id=888]

VM state:not at safepoint (normal execution)

VM Mutex/Monitor currently owned by a thread: None

Heap:
 PSYoungGen      total 38400K, used 10653K [0x00000000d5e00000, 0x00000000d8880000, 0x0000000100000000)
  eden space 33280K, 32% used [0x00000000d5e00000,0x00000000d68674d0,0x00000000d7e80000)
  from space 5120K, 0% used [0x00000000d8380000,0x00000000d8380000,0x00000000d8880000)
  to   space 5120K, 0% used [0x00000000d7e80000,0x00000000d7e80000,0x00000000d8380000)
 ParOldGen       total 87552K, used 0K [0x0000000081a00000, 0x0000000086f80000, 0x00000000d5e00000)
  object space 87552K, 0% used [0x0000000081a00000,0x0000000081a00000,0x0000000086f80000)
 Metaspace       used 6896K, capacity 7056K, committed 7296K, reserved 1056768K
  class space    used 752K, capacity 795K, committed 896K, reserved 1048576K

Card table byte_map: [0x0000000002b30000,0x0000000002f30000] byte_map_base: 0x0000000002723000

Marking Bits: (ParMarkBitMap*) 0x000000006fdc4040
 Begin Bits: [0x0000000003be0000, 0x0000000005b78000)
 End Bits:   [0x0000000005b78000, 0x0000000007b10000)

Polling page: 0x0000000000140000

CodeCache: size=245760Kb used=2342Kb max_used=2342Kb free=243418Kb
 bounds [0x000000000f010000, 0x000000000f280000, 0x000000001e010000]
 total_blobs=838 nmethods=491 adapters=260
 compilation: enabled

Compilation events (10 events):
Event: 0.572 Thread 0x000000000890e000  487       3       sun.net.www.ParseUtil::encodePath (336 bytes)
Event: 0.573 Thread 0x000000000890e000 nmethod 487 0x000000000f259690 code [0x000000000f259900, 0x000000000f25a8f8]
Event: 0.573 Thread 0x000000000890e000  488       1       java.net.URLStreamHandler::getDefaultPort (2 bytes)
Event: 0.573 Thread 0x000000000890e000 nmethod 488 0x000000000f254fd0 code [0x000000000f255120, 0x000000000f255230]
Event: 0.573 Thread 0x000000000890e000  489       3       java.lang.Character::digit (6 bytes)
Event: 0.573 Thread 0x000000000890e000 nmethod 489 0x000000000f254a90 code [0x000000000f254c00, 0x000000000f254e98]
Event: 0.573 Thread 0x000000000890e000  490       3       java.lang.Character::digit (10 bytes)
Event: 0.573 Thread 0x000000000890e000 nmethod 490 0x000000000f254610 code [0x000000000f254780, 0x000000000f2549b8]
Event: 0.585 Thread 0x000000000890e000  491       1       java.security.ProtectionDomain::getCodeSource (5 bytes)
Event: 0.585 Thread 0x000000000890e000 nmethod 491 0x000000000f254350 code [0x000000000f2544a0, 0x000000000f2545b0]

GC Heap History (0 events):
No events

Deoptimization events (10 events):
Event: 0.512 Thread 0x000000000011f000 Uncommon trap: reason=unstable_if action=reinterpret pc=0x000000000f23610c method=sun.util.calendar.CalendarUtils.isGregorianLeapYear(I)Z @ 3
Event: 0.512 Thread 0x000000000011f000 Uncommon trap: reason=unstable_if action=reinterpret pc=0x000000000f2421e8 method=sun.util.calendar.BaseCalendar.getFixedDate(IIILsun/util/calendar/BaseCalendar$Date;)J @ 103
Event: 0.512 Thread 0x000000000011f000 Uncommon trap: reason=unstable_if action=reinterpret pc=0x000000000f237244 method=sun.util.calendar.CalendarUtils.isGregorianLeapYear(I)Z @ 3
Event: 0.512 Thread 0x000000000011f000 Uncommon trap: reason=unstable_if action=reinterpret pc=0x000000000f235e68 method=sun.util.calendar.CalendarUtils.isGregorianLeapYear(I)Z @ 3
Event: 0.512 Thread 0x000000000011f000 Uncommon trap: reason=unstable_if action=reinterpret pc=0x000000000f23d0d4 method=sun.util.calendar.CalendarUtils.isGregorianLeapYear(I)Z @ 3
Event: 0.512 Thread 0x000000000011f000 Uncommon trap: reason=unstable_if action=reinterpret pc=0x000000000f227588 method=sun.util.calendar.CalendarUtils.isGregorianLeapYear(I)Z @ 3
Event: 0.563 Thread 0x000000000011f000 Uncommon trap: reason=class_check action=maybe_recompile pc=0x000000000f22a66c method=java.util.zip.InflaterInputStream.read([BII)I @ 100
Event: 0.564 Thread 0x000000000011f000 Uncommon trap: reason=class_check action=maybe_recompile pc=0x000000000f22a66c method=java.util.zip.InflaterInputStream.read([BII)I @ 100
Event: 0.565 Thread 0x000000000011f000 Uncommon trap: reason=class_check action=maybe_recompile pc=0x000000000f22a66c method=java.util.zip.InflaterInputStream.read([BII)I @ 100
Event: 0.565 Thread 0x000000000011f000 Uncommon trap: reason=class_check action=maybe_recompile pc=0x000000000f22a66c method=java.util.zip.InflaterInputStream.read([BII)I @ 100

Internal exceptions (10 events):
Event: 0.118 Thread 0x000000000011f000 Exception <a 'java/security/PrivilegedActionException'> (0x00000000d6120110) thrown at [C:\re\workspace\8-2-build-windows-amd64-cygwin\jdk8u51\3951\hotspot\src\share\vm\prims\jvm.cpp, line 1382]
Event: 0.118 Thread 0x000000000011f000 Exception <a 'java/security/PrivilegedActionException'> (0x00000000d6120458) thrown at [C:\re\workspace\8-2-build-windows-amd64-cygwin\jdk8u51\3951\hotspot\src\share\vm\prims\jvm.cpp, line 1382]
Event: 0.118 Thread 0x000000000011f000 Exception <a 'java/security/PrivilegedActionException'> (0x00000000d6121a18) thrown at [C:\re\workspace\8-2-build-windows-amd64-cygwin\jdk8u51\3951\hotspot\src\share\vm\prims\jvm.cpp, line 1382]
Event: 0.118 Thread 0x000000000011f000 Exception <a 'java/security/PrivilegedActionException'> (0x00000000d6121d60) thrown at [C:\re\workspace\8-2-build-windows-amd64-cygwin\jdk8u51\3951\hotspot\src\share\vm\prims\jvm.cpp, line 1382]
Event: 0.118 Thread 0x000000000011f000 Exception <a 'java/security/PrivilegedActionException'> (0x00000000d6123368) thrown at [C:\re\workspace\8-2-build-windows-amd64-cygwin\jdk8u51\3951\hotspot\src\share\vm\prims\jvm.cpp, line 1382]
Event: 0.118 Thread 0x000000000011f000 Exception <a 'java/security/PrivilegedActionException'> (0x00000000d61236b0) thrown at [C:\re\workspace\8-2-build-windows-amd64-cygwin\jdk8u51\3951\hotspot\src\share\vm\prims\jvm.cpp, line 1382]
Event: 0.128 Thread 0x000000000011f000 Exception <a 'java/io/FileNotFoundException'> (0x00000000d61556a8) thrown at [C:\re\workspace\8-2-build-windows-amd64-cygwin\jdk8u51\3951\hotspot\src\share\vm\prims\jni.cpp, line 709]
Event: 0.143 Thread 0x000000000011f000 Exception <a 'java/io/FileNotFoundException'> (0x00000000d61691e0) thrown at [C:\re\workspace\8-2-build-windows-amd64-cygwin\jdk8u51\3951\hotspot\src\share\vm\prims\jni.cpp, line 709]
Event: 0.174 Thread 0x000000000011f000 Exception <a 'java/lang/NoSuchFieldError': method resolution failed> (0x00000000d623d368) thrown at [C:\re\workspace\8-2-build-windows-amd64-cygwin\jdk8u51\3951\hotspot\src\share\vm\prims\methodHandles.cpp, line 1125]
Event: 0.176 Thread 0x000000000011f000 Exception <a 'java/lang/NoSuchFieldError': method resolution failed> (0x00000000d624bd78) thrown at [C:\re\workspace\8-2-build-windows-amd64-cygwin\jdk8u51\3951\hotspot\src\share\vm\prims\methodHandles.cpp, line 1125]

Events (10 events):
Event: 0.573 loading class java/net/URLDecoder
Event: 0.573 loading class java/net/URLDecoder done
Event: 0.573 loading class java/net/URLEncoder
Event: 0.573 loading class java/net/URLEncoder done
Event: 0.573 loading class java/util/Formattable
Event: 0.573 loading class java/util/Formattable done
Event: 0.574 loading class java/io/FileOutputStream$1
Event: 0.574 loading class java/io/FileOutputStream$1 done
Event: 0.585 loading class test/Browsers
Event: 0.585 loading class test/Browsers done


Dynamic libraries:
0x000000013f3d0000 - 0x000000013f407000 	C:\Program Files\Java\jdk1.8.0_51\bin\javaw.exe
0x00000000772e0000 - 0x0000000077489000 	C:\Windows\SYSTEM32\ntdll.dll
0x00000000770c0000 - 0x00000000771df000 	C:\Windows\system32\kernel32.dll
0x000007fefd190000 - 0x000007fefd1fc000 	C:\Windows\system32\KERNELBASE.dll
0x000007fefde30000 - 0x000007fefdf0b000 	C:\Windows\system32\ADVAPI32.dll
0x000007fefe2f0000 - 0x000007fefe38f000 	C:\Windows\system32\msvcrt.dll
0x000007feff550000 - 0x000007feff56f000 	C:\Windows\SYSTEM32\sechost.dll
0x000007feff130000 - 0x000007feff25d000 	C:\Windows\system32\RPCRT4.dll
0x00000000771e0000 - 0x00000000772da000 	C:\Windows\system32\USER32.dll
0x000007fefdfd0000 - 0x000007fefe037000 	C:\Windows\system32\GDI32.dll
0x000007fefd670000 - 0x000007fefd67e000 	C:\Windows\system32\LPK.dll
0x000007fefdd60000 - 0x000007fefde29000 	C:\Windows\system32\USP10.dll
0x000007fefba40000 - 0x000007fefbc34000 	C:\Windows\WinSxS\amd64_microsoft.windows.common-controls_6595b64144ccf1df_6.0.7601.18837_none_fa3b1e3d17594757\COMCTL32.dll
0x000007feff570000 - 0x000007feff5e1000 	C:\Windows\system32\SHLWAPI.dll
0x000007fefd4e0000 - 0x000007fefd50e000 	C:\Windows\system32\IMM32.DLL
0x000007fefd560000 - 0x000007fefd669000 	C:\Windows\system32\MSCTF.dll
0x000007fefd060000 - 0x000007fefd08f000 	C:\Windows\system32\nvinitx.dll
0x000000000f000000 - 0x000000000f006000 	C:\Program Files\NVIDIA Corporation\CoProcManager\detoured.dll
0x000007fef8460000 - 0x000007fef8493000 	C:\Program Files\NVIDIA Corporation\CoProcManager\nvd3d9wrapx.dll
0x000007fefd8b0000 - 0x000007fefda87000 	C:\Windows\system32\SETUPAPI.dll
0x000007fefd210000 - 0x000007fefd246000 	C:\Windows\system32\CFGMGR32.dll
0x000007fefdc80000 - 0x000007fefdd57000 	C:\Windows\system32\OLEAUT32.dll
0x000007fefe0e0000 - 0x000007fefe2e3000 	C:\Windows\system32\ole32.dll
0x000007fefd140000 - 0x000007fefd15a000 	C:\Windows\system32\DEVOBJ.dll
0x000007fef8360000 - 0x000007fef8383000 	C:\Program Files\NVIDIA Corporation\CoProcManager\nvdxgiwrapx.dll
0x000000006b580000 - 0x000000006b652000 	C:\Program Files\Java\jdk1.8.0_51\jre\bin\msvcr100.dll
0x000000006f5c0000 - 0x000000006fe43000 	C:\Program Files\Java\jdk1.8.0_51\jre\bin\server\jvm.dll
0x000007fef6f60000 - 0x000007fef6f69000 	C:\Windows\system32\WSOCK32.dll
0x000007fefd510000 - 0x000007fefd55d000 	C:\Windows\system32\WS2_32.dll
0x000007feff120000 - 0x000007feff128000 	C:\Windows\system32\NSI.dll
0x000007fefa910000 - 0x000007fefa94b000 	C:\Windows\system32\WINMM.dll
0x000007fefc010000 - 0x000007fefc01c000 	C:\Windows\system32\VERSION.dll
0x00000000774b0000 - 0x00000000774b7000 	C:\Windows\system32\PSAPI.DLL
0x00000000749e0000 - 0x00000000749ef000 	C:\Program Files\Java\jdk1.8.0_51\jre\bin\verify.dll
0x000000005bdc0000 - 0x000000005bde9000 	C:\Program Files\Java\jdk1.8.0_51\jre\bin\java.dll
0x000000005c100000 - 0x000000005c116000 	C:\Program Files\Java\jdk1.8.0_51\jre\bin\zip.dll
0x000007fefe390000 - 0x000007feff119000 	C:\Windows\system32\SHELL32.dll
0x000007fefd120000 - 0x000007fefd12f000 	C:\Windows\system32\profapi.dll
0x000000006d7c0000 - 0x000000006d958000 	C:\Program Files\Java\jdk1.8.0_51\jre\bin\awt.dll
0x000007fefb400000 - 0x000007fefb418000 	C:\Windows\system32\DWMAPI.DLL
0x000007fefb830000 - 0x000007fefb886000 	C:\Windows\system32\uxtheme.dll
0x000007fefcf90000 - 0x000007fefcf9f000 	C:\Windows\system32\CRYPTBASE.dll
0x000007feeadb0000 - 0x000007feeafaf000 	C:\Windows\system32\d3d9.dll
0x000007fefb0a0000 - 0x000007fefb0a7000 	C:\Windows\system32\d3d8thk.dll
0x000007fef7e00000 - 0x000007fef7ef6000 	C:\Windows\system32\nvumdshimx.dll
0x000007fee9cf0000 - 0x000007feeada6000 	C:\Windows\system32\nvd3dumx.dll
0x000007fefaba0000 - 0x000007fefabcc000 	C:\Windows\system32\powrprof.dll
0x000007fee9b80000 - 0x000007fee9cea000 	C:\Program Files (x86)\NVIDIA Corporation\3D Vision\nvSCPAPI64.dll
0x000007fef85e0000 - 0x000007fef8913000 	C:\Windows\system32\nvapi64.dll
0x000007fefd300000 - 0x000007fefd33b000 	C:\Windows\system32\WINTRUST.dll
0x000007fefd370000 - 0x000007fefd4dd000 	C:\Windows\system32\CRYPT32.dll
0x000007fefd130000 - 0x000007fefd13f000 	C:\Windows\system32\MSASN1.dll
0x0000000061e00000 - 0x0000000062347000 	C:\useful stuff\libs\WinUtil.dll
0x00000000738d0000 - 0x00000000738d7000 	C:\Program Files\Java\jdk1.8.0_51\jre\bin\jawt.dll
0x000007fef5960000 - 0x000007fef5a85000 	C:\Windows\system32\dbghelp.dll

VM Arguments:
jvm_args: -Dfile.encoding=Cp1252 
java_command: test.Youtube
java_class_path (initial): C:\useful stuff\eclipse workspace\Sikuli\bin;C:\useful stuff\sikuli-ide.jar;C:\useful stuff\sikuli-setup.jar;C:\useful stuff\selenium-2.47.1\libs\apache-mime4j-0.6.jar;C:\useful stuff\selenium-2.47.1\libs\bsh-1.3.0.jar;C:\useful stuff\selenium-2.47.1\libs\cglib-nodep-2.1_3.jar;C:\useful stuff\selenium-2.47.1\libs\commons-codec-1.10.jar;C:\useful stuff\selenium-2.47.1\libs\commons-collections-3.2.1.jar;C:\useful stuff\selenium-2.47.1\libs\commons-exec-1.3.jar;C:\useful stuff\selenium-2.47.1\libs\commons-io-2.4.jar;C:\useful stuff\selenium-2.47.1\libs\commons-lang3-3.4.jar;C:\useful stuff\selenium-2.47.1\libs\commons-logging-1.1.3.jar;C:\useful stuff\selenium-2.47.1\libs\cssparser-0.9.16.jar;C:\useful stuff\selenium-2.47.1\libs\gson-2.3.1.jar;C:\useful stuff\selenium-2.47.1\libs\guava-18.0.jar;C:\useful stuff\selenium-2.47.1\libs\hamcrest-core-1.3.jar;C:\useful stuff\selenium-2.47.1\libs\hamcrest-library-1.3.jar;C:\useful stuff\selenium-2.47.1\libs\htmlunit-2.17.jar;C:\useful stuff\selenium-2.47.1\libs\htmlunit-core-js-2.17.jar;C:\useful stuff\selenium-2.47.1\libs\httpclient-4.4.1.jar;C:\useful stuff\selenium-2.47.1\libs\httpcore-4.4.1.jar;C:\useful stuff\selenium-2.47.1\libs\httpmime-4.4.1.jar;C:\useful stuff\selenium-2.47.1\libs\jcommander-1.29.jar;C:\useful stuff\selenium-2.47.1\libs\jetty-io-9.2.11.v20150529.jar;C:\useful stuff\selenium-2.47.1\libs\jetty-util-9.2.11.v20150529.jar;C:\useful stuff\selenium-2.47.1\libs\jna-4.1.0.jar;C:\useful stuff\selenium-2.47.1\libs\jna-platform-4.1.0.jar;C:\useful stuff\selenium-2.47.1\libs\junit-4.12.jar;C:\useful stuff\selenium-2.47.1\libs\nekohtml-1.9.22.jar;C:\useful stuff\selenium-2.47.1\libs\netty-3.5.7.Final.jar;C:\useful stuff\selenium-2.47.1\libs\phantomjsdriver-1.2.1.jar;C:\useful stuff\selenium-2.47.1\libs\sac-1.3.jar;C:\useful stuff\selenium-2.47.1\libs\serializer-2.7.2.jar;C:\useful stuff\selenium-2.47.1\libs\testng-6.8.5.jar;C:\useful stuff\selenium-2.47.1\libs\websocket-api-9.2.11.v2015
Launcher Type: SUN_STANDARD

Environment Variables:
JAVA_HOME=C:\Program Files\Java\jdk1.8.0_51
PATH=C:/Program Files/Java/jdk1.8.0_51/bin/../jre/bin/server;C:/Program Files/Java/jdk1.8.0_51/bin/../jre/bin;C:/Program Files/Java/jdk1.8.0_51/bin/../jre/lib/amd64;C:\Program Files\Java\jdk1.8.0_51/bin;C:\PROGRA~2\ALIENB~1\Client\APPLIC~1\Tools;C:\PROGRA~2\ALIENB~1\Client\APPLIC~1\Bin;C:\Windows\System32;C:\useful stuff\libs;C:\Users\user\Downloads\libs;C:\useful stuff\Eclipse;
USERNAME=user
OS=Windows_NT
PROCESSOR_IDENTIFIER=Intel64 Family 6 Model 42 Stepping 7, GenuineIntel



---------------  S Y S T E M  ---------------

OS: Windows 7 , 64 bit Build 7601 (6.1.7601.18869)

CPU:total 8 (4 cores per cpu, 2 threads per core) family 6 model 42 stepping 7, cmov, cx8, fxsr, mmx, sse, sse2, sse3, ssse3, sse4.1, sse4.2, popcnt, avx, aes, clmul, ht, tsc, tscinvbit

Memory: 4k page, physical 8280884k(3483820k free), swap 16559932k(10577972k free)

vm_info: Java HotSpot(TM) 64-Bit Server VM (25.51-b03) for windows-amd64 JRE (1.8.0_51-b16), built on Jun  8 2015 18:03:07 by "java_re" with MS VC++ 10.0 (VS2010)

time: Wed Aug 12 17:15:03 2015
elapsed time: 0 seconds (0d 0h 0m 0s)

