#
# A fatal error has been detected by the Java Runtime Environment:
#
#  EXCEPTION_ACCESS_VIOLATION (0xc0000005) at pc=0x00000000610030a2, pid=6628, tid=4228
#
# JRE version: Java(TM) SE Runtime Environment (8.0_51-b16) (build 1.8.0_51-b16)
# Java VM: Java HotSpot(TM) 64-Bit Server VM (25.51-b03 mixed mode windows-amd64 compressed oops)
# Problematic frame:
# V  [jvm.dll+0x1430a2]
#
# Failed to write core dump. Minidumps are not enabled by default on client versions of Windows
#
# If you would like to submit a bug report, please visit:
#   http://bugreport.java.com/bugreport/crash.jsp
#

---------------  T H R E A D  ---------------

Current thread (0x00000000022df000):  JavaThread "main" [_thread_in_vm, id=4228, stack(0x0000000002670000,0x0000000002770000)]

siginfo: ExceptionCode=0xc0000005, reading address 0x0000000000000000

Registers:
RAX=0x0000000000000000, RBX=0x00000000022df000, RCX=0x0000000000000f00, RDX=0x0000000000000000
RSP=0x000000000276f330, RBP=0x0000000000000000, RSI=0x0000000000000000, RDI=0x0000000000000000
R8 =0x0000000000000000, R9 =0x00000000000000dd, R10=0x000000000f025e08, R11=0x00000000610e7bb0
R12=0x0000000000000000, R13=0x00000000086f3630, R14=0x000000000276f560, R15=0x00000000022df000
RIP=0x00000000610030a2, EFLAGS=0x0000000000010202

Top of Stack: (sp=0x000000000276f330)
0x000000000276f330:   000000000276f3a8 000000000f0174c0
0x000000000276f340:   000000000f0174c0 0000000082ae40a8
0x000000000276f350:   00000000022df000 0000000000000000
0x000000000276f360:   0000000000000000 000000000276f358
0x000000000276f370:   00000000081d7ae0 000000000276f3e0
0x000000000276f380:   000000000826c8a0 0000000000000000
0x000000000276f390:   00000000081d7b00 0000000000000000
0x000000000276f3a0:   0000000000000009 000000000e4618a0
0x000000000276f3b0:   0000000000000000 0000000000000073
0x000000000276f3c0:   0000000000000057 00000000022df1f8
0x000000000276f3d0:   0000000000000009 0000000082aad040
0x000000000276f3e0:   00000000d6d90cc0 0000000800000000
0x000000000276f3f0:   0000000100000000 00000000d6d90cc0
0x000000000276f400:   0000000000000037 000000000276f408
0x000000000276f410:   0000000008329ed0 00000000d6d90ce8
0x000000000276f420:   000000000832d2c8 0000000000000000 

Instructions: (pc=0x00000000610030a2)
0x0000000061003082:   89 5c 24 20 48 89 74 24 28 48 39 73 08 74 0a 48
0x0000000061003092:   8d 4c 24 20 e8 15 47 13 00 40 38 35 3e 6c 6b 00
0x00000000610030a2:   48 8b 3f 48 63 05 60 e6 69 00 74 1b 8b 0c 38 85
0x00000000610030b2:   c9 74 7c 8b c1 8b 0d db d6 64 00 48 d3 e0 48 03 


Register to memory mapping:

RAX=0x0000000000000000 is an unknown value
RBX=0x00000000022df000 is a thread
RCX=0x0000000000000f00 is an unknown value
RDX=0x0000000000000000 is an unknown value
RSP=0x000000000276f330 is pointing into the stack for thread: 0x00000000022df000
RBP=0x0000000000000000 is an unknown value
RSI=0x0000000000000000 is an unknown value
RDI=0x0000000000000000 is an unknown value
R8 =0x0000000000000000 is an unknown value
R9 =0x00000000000000dd is an unknown value
R10=0x000000000f025e08 is at code_begin+840 in an Interpreter codelet
method entry point (kind = native)  [0x000000000f025ac0, 0x000000000f026420]  2400 bytes
R11=0x00000000610e7bb0 is an unknown value
R12=0x0000000000000000 is an unknown value
R13={method} {0x00000000086f3638} 'openApp' '(Ljava/lang/String;)I' in 'org/sikuli/basics/WinUtil'
R14=0x000000000276f560 is pointing into the stack for thread: 0x00000000022df000
R15=0x00000000022df000 is a thread


Stack: [0x0000000002670000,0x0000000002770000],  sp=0x000000000276f330,  free space=1020k
Native frames: (J=compiled Java code, j=interpreted, Vv=VM code, C=native code)

Java frames: (J=compiled Java code, j=interpreted, Vv=VM code)
j  org.sikuli.basics.WinUtil.openApp(Ljava/lang/String;)I+0
j  org.sikuli.script.App.open()Lorg/sikuli/script/App;+19
j  test.BrowserOperations.openBrowser(Ljava/lang/String;)V+14
j  test.Youtube.main([Ljava/lang/String;)V+48
v  ~StubRoutines::call_stub

---------------  P R O C E S S  ---------------

Java Threads: ( => current thread )
  0x000000000c2b5800 JavaThread "AWT-EventQueue-0" [_thread_blocked, id=6348, stack(0x0000000020a90000,0x0000000020b90000)]
  0x000000000bfa9000 JavaThread "AWT-Shutdown" [_thread_blocked, id=5756, stack(0x000000000ea50000,0x000000000eb50000)]
  0x000000000bfaa800 JavaThread "AWT-Windows" daemon [_thread_in_native, id=3244, stack(0x000000000baa0000,0x000000000bba0000)]
  0x000000000bfa6800 JavaThread "Java2D Disposer" daemon [_thread_blocked, id=3968, stack(0x000000000c630000,0x000000000c730000)]
  0x0000000009ce1800 JavaThread "Service Thread" daemon [_thread_blocked, id=6572, stack(0x000000000b970000,0x000000000ba70000)]
  0x0000000009c5d000 JavaThread "C1 CompilerThread3" daemon [_thread_blocked, id=6880, stack(0x000000000b780000,0x000000000b880000)]
  0x0000000009c54000 JavaThread "C2 CompilerThread2" daemon [_thread_blocked, id=6476, stack(0x000000000aff0000,0x000000000b0f0000)]
  0x0000000009c49000 JavaThread "C2 CompilerThread1" daemon [_thread_blocked, id=1236, stack(0x000000000b650000,0x000000000b750000)]
  0x0000000009c45000 JavaThread "C2 CompilerThread0" daemon [_thread_blocked, id=5168, stack(0x000000000b460000,0x000000000b560000)]
  0x0000000009c3e000 JavaThread "Attach Listener" daemon [_thread_blocked, id=3464, stack(0x000000000b260000,0x000000000b360000)]
  0x0000000009c3c800 JavaThread "Signal Dispatcher" daemon [_thread_blocked, id=4192, stack(0x000000000b110000,0x000000000b210000)]
  0x0000000008b8b800 JavaThread "Finalizer" daemon [_thread_blocked, id=2388, stack(0x000000000ae60000,0x000000000af60000)]
  0x0000000008b84800 JavaThread "Reference Handler" daemon [_thread_blocked, id=2940, stack(0x000000000abf0000,0x000000000acf0000)]
=>0x00000000022df000 JavaThread "main" [_thread_in_vm, id=4228, stack(0x0000000002670000,0x0000000002770000)]

Other Threads:
  0x0000000009bf0800 VMThread [stack: 0x000000000ad10000,0x000000000ae10000] [id=5812]
  0x0000000009cbf000 WatcherThread [stack: 0x000000000bbc0000,0x000000000bcc0000] [id=7164]

VM state:not at safepoint (normal execution)

VM Mutex/Monitor currently owned by a thread: None

Heap:
 PSYoungGen      total 38400K, used 16457K [0x00000000d5e00000, 0x00000000d9b00000, 0x0000000100000000)
  eden space 33280K, 49% used [0x00000000d5e00000,0x00000000d6e127b8,0x00000000d7e80000)
  from space 5120K, 0% used [0x00000000d7e80000,0x00000000d7e80000,0x00000000d8380000)
  to   space 5120K, 0% used [0x00000000d9600000,0x00000000d9600000,0x00000000d9b00000)
 ParOldGen       total 137728K, used 33930K [0x0000000081a00000, 0x000000008a080000, 0x00000000d5e00000)
  object space 137728K, 24% used [0x0000000081a00000,0x0000000083b22990,0x000000008a080000)
 Metaspace       used 7836K, capacity 7964K, committed 8192K, reserved 1056768K
  class space    used 854K, capacity 925K, committed 1024K, reserved 1048576K

Card table byte_map: [0x0000000002b30000,0x0000000002f30000] byte_map_base: 0x0000000002723000

Marking Bits: (ParMarkBitMap*) 0x00000000616c4040
 Begin Bits: [0x0000000003e70000, 0x0000000005e08000)
 End Bits:   [0x0000000005e08000, 0x0000000007da0000)

Polling page: 0x0000000000220000

CodeCache: size=245760Kb used=2685Kb max_used=2694Kb free=243074Kb
 bounds [0x000000000f010000, 0x000000000f2c0000, 0x000000001e010000]
 total_blobs=980 nmethods=571 adapters=322
 compilation: enabled

Compilation events (10 events):
Event: 2.684 Thread 0x0000000009c54000 nmethod 563 0x000000000f2a9790 code [0x000000000f2a98e0, 0x000000000f2a9d78]
Event: 2.691 Thread 0x0000000009c49000 nmethod 562 0x000000000f2b2890 code [0x000000000f2b2a60, 0x000000000f2b42e8]
Event: 2.722 Thread 0x0000000009c5d000  567       3       java.util.regex.Pattern$BmpCharProperty::match (50 bytes)
Event: 2.722 Thread 0x0000000009c5d000 nmethod 567 0x000000000f2ac810 code [0x000000000f2ac9a0, 0x000000000f2ace48]
Event: 2.722 Thread 0x0000000009c5d000  568       3       java.util.Formatter$Flags::contains (22 bytes)
Event: 2.722 Thread 0x0000000009c5d000 nmethod 568 0x000000000f2a7450 code [0x000000000f2a75c0, 0x000000000f2a77d0]
Event: 3.336 Thread 0x0000000009c5d000  569       3       java.util.HashSet::add (20 bytes)
Event: 3.336 Thread 0x0000000009c5d000 nmethod 569 0x000000000f2abf10 code [0x000000000f2ac080, 0x000000000f2ac308]
Event: 3.338 Thread 0x0000000009c5d000  570       1       java.lang.reflect.Field::getName (5 bytes)
Event: 3.338 Thread 0x0000000009c5d000 nmethod 570 0x000000000f2abc50 code [0x000000000f2abda0, 0x000000000f2abeb0]

GC Heap History (10 events):
Event: 2.454 GC heap before
{Heap before GC invocations=1 (full 0):
 PSYoungGen      total 38400K, used 32189K [0x00000000d5e00000, 0x00000000d8880000, 0x0000000100000000)
  eden space 33280K, 96% used [0x00000000d5e00000,0x00000000d7d6f7b0,0x00000000d7e80000)
  from space 5120K, 0% used [0x00000000d8380000,0x00000000d8380000,0x00000000d8880000)
  to   space 5120K, 0% used [0x00000000d7e80000,0x00000000d7e80000,0x00000000d8380000)
 ParOldGen       total 87552K, used 0K [0x0000000081a00000, 0x0000000086f80000, 0x00000000d5e00000)
  object space 87552K, 0% used [0x0000000081a00000,0x0000000081a00000,0x0000000086f80000)
 Metaspace       used 7616K, capacity 7804K, committed 7808K, reserved 1056768K
  class space    used 825K, capacity 893K, committed 896K, reserved 1048576K
Event: 2.463 GC heap after
Heap after GC invocations=1 (full 0):
 PSYoungGen      total 38400K, used 1699K [0x00000000d5e00000, 0x00000000d8880000, 0x0000000100000000)
  eden space 33280K, 0% used [0x00000000d5e00000,0x00000000d5e00000,0x00000000d7e80000)
  from space 5120K, 33% used [0x00000000d7e80000,0x00000000d8028f00,0x00000000d8380000)
  to   space 5120K, 0% used [0x00000000d8380000,0x00000000d8380000,0x00000000d8880000)
 ParOldGen       total 87552K, used 48608K [0x0000000081a00000, 0x0000000086f80000, 0x00000000d5e00000)
  object space 87552K, 55% used [0x0000000081a00000,0x0000000084978060,0x0000000086f80000)
 Metaspace       used 7616K, capacity 7804K, committed 7808K, reserved 1056768K
  class space    used 825K, capacity 893K, committed 896K, reserved 1048576K
}
Event: 2.463 GC heap before
{Heap before GC invocations=2 (full 1):
 PSYoungGen      total 38400K, used 1699K [0x00000000d5e00000, 0x00000000d8880000, 0x0000000100000000)
  eden space 33280K, 0% used [0x00000000d5e00000,0x00000000d5e00000,0x00000000d7e80000)
  from space 5120K, 33% used [0x00000000d7e80000,0x00000000d8028f00,0x00000000d8380000)
  to   space 5120K, 0% used [0x00000000d8380000,0x00000000d8380000,0x00000000d8880000)
 ParOldGen       total 87552K, used 48608K [0x0000000081a00000, 0x0000000086f80000, 0x00000000d5e00000)
  object space 87552K, 55% used [0x0000000081a00000,0x0000000084978060,0x0000000086f80000)
 Metaspace       used 7616K, capacity 7804K, committed 7808K, reserved 1056768K
  class space    used 825K, capacity 893K, committed 896K, reserved 1048576K
Event: 2.471 GC heap after
Heap after GC invocations=2 (full 1):
 PSYoungGen      total 38400K, used 0K [0x00000000d5e00000, 0x00000000d8880000, 0x0000000100000000)
  eden space 33280K, 0% used [0x00000000d5e00000,0x00000000d5e00000,0x00000000d7e80000)
  from space 5120K, 0% used [0x00000000d7e80000,0x00000000d7e80000,0x00000000d8380000)
  to   space 5120K, 0% used [0x00000000d8380000,0x00000000d8380000,0x00000000d8880000)
 ParOldGen       total 99840K, used 17718K [0x0000000081a00000, 0x0000000087b80000, 0x00000000d5e00000)
  object space 99840K, 17% used [0x0000000081a00000,0x0000000082b4d8b8,0x0000000087b80000)
 Metaspace       used 7616K, capacity 7804K, committed 7808K, reserved 1056768K
  class space    used 825K, capacity 893K, committed 896K, reserved 1048576K
}
Event: 2.604 GC heap before
{Heap before GC invocations=3 (full 1):
 PSYoungGen      total 38400K, used 33280K [0x00000000d5e00000, 0x00000000d8880000, 0x0000000100000000)
  eden space 33280K, 100% used [0x00000000d5e00000,0x00000000d7e80000,0x00000000d7e80000)
  from space 5120K, 0% used [0x00000000d7e80000,0x00000000d7e80000,0x00000000d8380000)
  to   space 5120K, 0% used [0x00000000d8380000,0x00000000d8380000,0x00000000d8880000)
 ParOldGen       total 99840K, used 17718K [0x0000000081a00000, 0x0000000087b80000, 0x00000000d5e00000)
  object space 99840K, 17% used [0x0000000081a00000,0x0000000082b4d8b8,0x0000000087b80000)
 Metaspace       used 7645K, capacity 7836K, committed 7936K, reserved 1056768K
  class space    used 826K, capacity 925K, committed 1024K, reserved 1048576K
Event: 2.608 GC heap after
Heap after GC invocations=3 (full 1):
 PSYoungGen      total 38400K, used 96K [0x00000000d5e00000, 0x00000000da380000, 0x0000000100000000)
  eden space 33280K, 0% used [0x00000000d5e00000,0x00000000d5e00000,0x00000000d7e80000)
  from space 5120K, 1% used [0x00000000d8380000,0x00000000d8398000,0x00000000d8880000)
  to   space 5120K, 0% used [0x00000000d7e80000,0x00000000d7e80000,0x00000000d8380000)
 ParOldGen       total 99840K, used 50126K [0x0000000081a00000, 0x0000000087b80000, 0x00000000d5e00000)
  object space 99840K, 50% used [0x0000000081a00000,0x0000000084af38f8,0x0000000087b80000)
 Metaspace       used 7645K, capacity 7836K, committed 7936K, reserved 1056768K
  class space    used 826K, capacity 925K, committed 1024K, reserved 1048576K
}
Event: 2.608 GC heap before
{Heap before GC invocations=4 (full 2):
 PSYoungGen      total 38400K, used 96K [0x00000000d5e00000, 0x00000000da380000, 0x0000000100000000)
  eden space 33280K, 0% used [0x00000000d5e00000,0x00000000d5e00000,0x00000000d7e80000)
  from space 5120K, 1% used [0x00000000d8380000,0x00000000d8398000,0x00000000d8880000)
  to   space 5120K, 0% used [0x00000000d7e80000,0x00000000d7e80000,0x00000000d8380000)
 ParOldGen       total 99840K, used 50126K [0x0000000081a00000, 0x0000000087b80000, 0x00000000d5e00000)
  object space 99840K, 50% used [0x0000000081a00000,0x0000000084af38f8,0x0000000087b80000)
 Metaspace       used 7645K, capacity 7836K, committed 7936K, reserved 1056768K
  class space    used 826K, capacity 925K, committed 1024K, reserved 1048576K
Event: 2.612 GC heap after
Heap after GC invocations=4 (full 2):
 PSYoungGen      total 38400K, used 0K [0x00000000d5e00000, 0x00000000da380000, 0x0000000100000000)
  eden space 33280K, 0% used [0x00000000d5e00000,0x00000000d5e00000,0x00000000d7e80000)
  from space 5120K, 0% used [0x00000000d8380000,0x00000000d8380000,0x00000000d8880000)
  to   space 5120K, 0% used [0x00000000d7e80000,0x00000000d7e80000,0x00000000d8380000)
 ParOldGen       total 137728K, used 33930K [0x0000000081a00000, 0x000000008a080000, 0x00000000d5e00000)
  object space 137728K, 24% used [0x0000000081a00000,0x0000000083b22990,0x000000008a080000)
 Metaspace       used 7645K, capacity 7836K, committed 7936K, reserved 1056768K
  class space    used 826K, capacity 925K, committed 1024K, reserved 1048576K
}
Event: 2.650 GC heap before
{Heap before GC invocations=5 (full 2):
 PSYoungGen      total 38400K, used 33280K [0x00000000d5e00000, 0x00000000da380000, 0x0000000100000000)
  eden space 33280K, 100% used [0x00000000d5e00000,0x00000000d7e80000,0x00000000d7e80000)
  from space 5120K, 0% used [0x00000000d8380000,0x00000000d8380000,0x00000000d8880000)
  to   space 5120K, 0% used [0x00000000d7e80000,0x00000000d7e80000,0x00000000d8380000)
 ParOldGen       total 137728K, used 33930K [0x0000000081a00000, 0x000000008a080000, 0x00000000d5e00000)
  object space 137728K, 24% used [0x0000000081a00000,0x0000000083b22990,0x000000008a080000)
 Metaspace       used 7645K, capacity 7836K, committed 7936K, reserved 1056768K
  class space    used 826K, capacity 925K, committed 1024K, reserved 1048576K
Event: 2.652 GC heap after
Heap after GC invocations=5 (full 2):
 PSYoungGen      total 38400K, used 0K [0x00000000d5e00000, 0x00000000d9b00000, 0x0000000100000000)
  eden space 33280K, 0% used [0x00000000d5e00000,0x00000000d5e00000,0x00000000d7e80000)
  from space 5120K, 0% used [0x00000000d7e80000,0x00000000d7e80000,0x00000000d8380000)
  to   space 5120K, 0% used [0x00000000d9600000,0x00000000d9600000,0x00000000d9b00000)
 ParOldGen       total 137728K, used 33930K [0x0000000081a00000, 0x000000008a080000, 0x00000000d5e00000)
  object space 137728K, 24% used [0x0000000081a00000,0x0000000083b22990,0x000000008a080000)
 Metaspace       used 7645K, capacity 7836K, committed 7936K, reserved 1056768K
  class space    used 826K, capacity 925K, committed 1024K, reserved 1048576K
}

Deoptimization events (10 events):
Event: 0.513 Thread 0x00000000022df000 Uncommon trap: reason=unstable_if action=reinterpret pc=0x000000000f242ae8 method=sun.util.calendar.BaseCalendar.getFixedDate(IIILsun/util/calendar/BaseCalendar$Date;)J @ 103
Event: 0.513 Thread 0x00000000022df000 Uncommon trap: reason=unstable_if action=reinterpret pc=0x000000000f22e704 method=sun.util.calendar.CalendarUtils.isGregorianLeapYear(I)Z @ 3
Event: 0.513 Thread 0x00000000022df000 Uncommon trap: reason=unstable_if action=reinterpret pc=0x000000000f2389a8 method=sun.util.calendar.CalendarUtils.isGregorianLeapYear(I)Z @ 3
Event: 0.513 Thread 0x00000000022df000 Uncommon trap: reason=unstable_if action=reinterpret pc=0x000000000f239d14 method=sun.util.calendar.CalendarUtils.isGregorianLeapYear(I)Z @ 3
Event: 0.513 Thread 0x00000000022df000 Uncommon trap: reason=unstable_if action=reinterpret pc=0x000000000f2273c8 method=sun.util.calendar.CalendarUtils.isGregorianLeapYear(I)Z @ 3
Event: 0.564 Thread 0x00000000022df000 Uncommon trap: reason=class_check action=maybe_recompile pc=0x000000000f229d2c method=java.util.zip.InflaterInputStream.read([BII)I @ 100
Event: 0.565 Thread 0x00000000022df000 Uncommon trap: reason=class_check action=maybe_recompile pc=0x000000000f229d2c method=java.util.zip.InflaterInputStream.read([BII)I @ 100
Event: 0.566 Thread 0x00000000022df000 Uncommon trap: reason=class_check action=maybe_recompile pc=0x000000000f229d2c method=java.util.zip.InflaterInputStream.read([BII)I @ 100
Event: 0.566 Thread 0x00000000022df000 Uncommon trap: reason=class_check action=maybe_recompile pc=0x000000000f229d2c method=java.util.zip.InflaterInputStream.read([BII)I @ 100
Event: 2.149 Thread 0x00000000022df000 Uncommon trap: reason=unstable_if action=reinterpret pc=0x000000000f24a5ec method=java.util.zip.ZipCoder.decoder()Ljava/nio/charset/CharsetDecoder; @ 4

Internal exceptions (10 events):
Event: 0.102 Thread 0x00000000022df000 Exception <a 'java/security/PrivilegedActionException'> (0x00000000d6120b10) thrown at [C:\re\workspace\8-2-build-windows-amd64-cygwin\jdk8u51\3951\hotspot\src\share\vm\prims\jvm.cpp, line 1382]
Event: 0.102 Thread 0x00000000022df000 Exception <a 'java/security/PrivilegedActionException'> (0x00000000d6120e58) thrown at [C:\re\workspace\8-2-build-windows-amd64-cygwin\jdk8u51\3951\hotspot\src\share\vm\prims\jvm.cpp, line 1382]
Event: 0.102 Thread 0x00000000022df000 Exception <a 'java/security/PrivilegedActionException'> (0x00000000d6122460) thrown at [C:\re\workspace\8-2-build-windows-amd64-cygwin\jdk8u51\3951\hotspot\src\share\vm\prims\jvm.cpp, line 1382]
Event: 0.102 Thread 0x00000000022df000 Exception <a 'java/security/PrivilegedActionException'> (0x00000000d61227a8) thrown at [C:\re\workspace\8-2-build-windows-amd64-cygwin\jdk8u51\3951\hotspot\src\share\vm\prims\jvm.cpp, line 1382]
Event: 0.111 Thread 0x00000000022df000 Exception <a 'java/io/FileNotFoundException'> (0x00000000d6152240) thrown at [C:\re\workspace\8-2-build-windows-amd64-cygwin\jdk8u51\3951\hotspot\src\share\vm\prims\jni.cpp, line 709]
Event: 0.125 Thread 0x00000000022df000 Exception <a 'java/io/FileNotFoundException'> (0x00000000d6165d78) thrown at [C:\re\workspace\8-2-build-windows-amd64-cygwin\jdk8u51\3951\hotspot\src\share\vm\prims\jni.cpp, line 709]
Event: 0.154 Thread 0x00000000022df000 Exception <a 'java/lang/NoSuchFieldError': method resolution failed> (0x00000000d6239f10) thrown at [C:\re\workspace\8-2-build-windows-amd64-cygwin\jdk8u51\3951\hotspot\src\share\vm\prims\methodHandles.cpp, line 1125]
Event: 0.155 Thread 0x00000000022df000 Exception <a 'java/lang/NoSuchFieldError': method resolution failed> (0x00000000d6248920) thrown at [C:\re\workspace\8-2-build-windows-amd64-cygwin\jdk8u51\3951\hotspot\src\share\vm\prims\methodHandles.cpp, line 1125]
Event: 2.149 Thread 0x00000000022df000 Implicit null exception at 0x000000000f249a2b to 0x000000000f24a5c1
Event: 2.678 Thread 0x00000000022df000 Exception <a 'java/lang/ClassNotFoundException': sun/net/www/protocol/c/Handler> (0x00000000d6d7a9f8) thrown at [C:\re\workspace\8-2-build-windows-amd64-cygwin\jdk8u51\3951\hotspot\src\share\vm\classfile\systemDictionary.cpp, line 210]

Events (10 events):
Event: 3.337 loading class java/awt/TrayIcon
Event: 3.337 loading class java/awt/TrayIcon done
Event: 3.338 loading class java/awt/event/InputMethodEvent
Event: 3.338 loading class java/awt/event/InputMethodEvent done
Event: 3.338 loading class java/awt/event/ActionEvent
Event: 3.338 loading class java/awt/event/ActionEvent done
Event: 3.338 loading class java/util/concurrent/locks/LockSupport
Event: 3.338 loading class java/util/concurrent/locks/LockSupport done
Event: 3.338 loading class sun/nio/ch/Interruptible
Event: 3.338 loading class sun/nio/ch/Interruptible done


Dynamic libraries:
0x000000013f320000 - 0x000000013f357000 	C:\Program Files\Java\jdk1.8.0_51\bin\javaw.exe
0x0000000077470000 - 0x0000000077619000 	C:\Windows\SYSTEM32\ntdll.dll
0x0000000077250000 - 0x000000007736f000 	C:\Windows\system32\kernel32.dll
0x000007fefd350000 - 0x000007fefd3bc000 	C:\Windows\system32\KERNELBASE.dll
0x000007feff070000 - 0x000007feff14b000 	C:\Windows\system32\ADVAPI32.dll
0x000007fefd7e0000 - 0x000007fefd87f000 	C:\Windows\system32\msvcrt.dll
0x000007fefde00000 - 0x000007fefde1f000 	C:\Windows\SYSTEM32\sechost.dll
0x000007fefef40000 - 0x000007feff06d000 	C:\Windows\system32\RPCRT4.dll
0x0000000077370000 - 0x000000007746a000 	C:\Windows\system32\USER32.dll
0x000007fefdd90000 - 0x000007fefddf7000 	C:\Windows\system32\GDI32.dll
0x000007fefedc0000 - 0x000007fefedce000 	C:\Windows\system32\LPK.dll
0x000007fefd670000 - 0x000007fefd739000 	C:\Windows\system32\USP10.dll
0x000007fefbbd0000 - 0x000007fefbdc4000 	C:\Windows\WinSxS\amd64_microsoft.windows.common-controls_6595b64144ccf1df_6.0.7601.18837_none_fa3b1e3d17594757\COMCTL32.dll
0x000007fefdb10000 - 0x000007fefdb81000 	C:\Windows\system32\SHLWAPI.dll
0x000007fefed90000 - 0x000007fefedbe000 	C:\Windows\system32\IMM32.DLL
0x000007fefdbe0000 - 0x000007fefdce9000 	C:\Windows\system32\MSCTF.dll
0x000007fefd1f0000 - 0x000007fefd21f000 	C:\Windows\system32\nvinitx.dll
0x000000000f000000 - 0x000000000f006000 	C:\Program Files\NVIDIA Corporation\CoProcManager\detoured.dll
0x000007fef8830000 - 0x000007fef8863000 	C:\Program Files\NVIDIA Corporation\CoProcManager\nvd3d9wrapx.dll
0x000007fefde20000 - 0x000007fefdff7000 	C:\Windows\system32\SETUPAPI.dll
0x000007fefd560000 - 0x000007fefd596000 	C:\Windows\system32\CFGMGR32.dll
0x000007feff640000 - 0x000007feff717000 	C:\Windows\system32\OLEAUT32.dll
0x000007fefd880000 - 0x000007fefda83000 	C:\Windows\system32\ole32.dll
0x000007fefd540000 - 0x000007fefd55a000 	C:\Windows\system32\DEVOBJ.dll
0x000007fef84c0000 - 0x000007fef84e3000 	C:\Program Files\NVIDIA Corporation\CoProcManager\nvdxgiwrapx.dll
0x00000000563b0000 - 0x0000000056482000 	C:\Program Files\Java\jdk1.8.0_51\jre\bin\msvcr100.dll
0x0000000060ec0000 - 0x0000000061743000 	C:\Program Files\Java\jdk1.8.0_51\jre\bin\server\jvm.dll
0x000007fef7970000 - 0x000007fef7979000 	C:\Windows\system32\WSOCK32.dll
0x000007fefdb90000 - 0x000007fefdbdd000 	C:\Windows\system32\WS2_32.dll
0x000007feff150000 - 0x000007feff158000 	C:\Windows\system32\NSI.dll
0x000007fef9540000 - 0x000007fef957b000 	C:\Windows\system32\WINMM.dll
0x000007fefc1a0000 - 0x000007fefc1ac000 	C:\Windows\system32\VERSION.dll
0x0000000077630000 - 0x0000000077637000 	C:\Windows\system32\PSAPI.DLL
0x0000000062370000 - 0x000000006237f000 	C:\Program Files\Java\jdk1.8.0_51\jre\bin\verify.dll
0x0000000062340000 - 0x0000000062369000 	C:\Program Files\Java\jdk1.8.0_51\jre\bin\java.dll
0x0000000062320000 - 0x0000000062336000 	C:\Program Files\Java\jdk1.8.0_51\jre\bin\zip.dll
0x000007fefe000000 - 0x000007fefed89000 	C:\Windows\system32\SHELL32.dll
0x000007fefd2c0000 - 0x000007fefd2cf000 	C:\Windows\system32\profapi.dll
0x0000000056970000 - 0x0000000056b08000 	C:\Program Files\Java\jdk1.8.0_51\jre\bin\awt.dll
0x000007fef9440000 - 0x000007fef9458000 	C:\Windows\system32\DWMAPI.DLL
0x000007fefac20000 - 0x000007fefac76000 	C:\Windows\system32\uxtheme.dll
0x000007fefd120000 - 0x000007fefd12f000 	C:\Windows\system32\CRYPTBASE.dll
0x000007feef360000 - 0x000007feef55f000 	C:\Windows\system32\d3d9.dll
0x000007feeed50000 - 0x000007feeed57000 	C:\Windows\system32\d3d8thk.dll
0x000007fef8240000 - 0x000007fef8336000 	C:\Windows\system32\nvumdshimx.dll
0x000007fee8720000 - 0x000007fee97d6000 	C:\Windows\system32\nvd3dumx.dll
0x000007fefa970000 - 0x000007fefa99c000 	C:\Windows\system32\powrprof.dll
0x000007fefb680000 - 0x000007fefb7ea000 	C:\Program Files (x86)\NVIDIA Corporation\3D Vision\nvSCPAPI64.dll
0x000007fef84f0000 - 0x000007fef8823000 	C:\Windows\system32\nvapi64.dll
0x00000000025e0000 - 0x000000000261b000 	C:\Windows\system32\WINTRUST.dll
0x000007fefd3c0000 - 0x000007fefd52d000 	C:\Windows\system32\CRYPT32.dll
0x000007fefd2b0000 - 0x000007fefd2bf000 	C:\Windows\system32\MSASN1.dll
0x000000000e460000 - 0x000000000e9a7000 	C:\useful stuff\libs\WinUtil.dll
0x00000000579a0000 - 0x00000000579a7000 	C:\Program Files\Java\jdk1.8.0_51\jre\bin\jawt.dll
0x000007fefd0c0000 - 0x000007fefd117000 	C:\Windows\system32\apphelp.dll
0x000000001ffc0000 - 0x00000000205c8000 	C:\useful stuff\libs\VisionProxy.dll
0x0000000068a00000 - 0x0000000068df3000 	C:\useful stuff\libs\libtesseract-3.dll
0x000000006a5c0000 - 0x000000006a6c6000 	C:\useful stuff\libs\libstdc++_64-6.dll
0x0000000063180000 - 0x00000000631a1000 	C:\useful stuff\libs\libgcc_s_sjlj_64-1.dll
0x0000000065c00000 - 0x0000000065daa000 	C:\useful stuff\libs\liblept-2.dll
0x0000000069a00000 - 0x0000000069a5d000 	C:\useful stuff\libs\libjpeg-9.dll
0x0000000064740000 - 0x0000000064784000 	C:\useful stuff\libs\libpng15-15.dll
0x0000000062e80000 - 0x0000000062ea6000 	C:\useful stuff\libs\zlib1.dll
0x00000000667c0000 - 0x0000000066acb000 	C:\useful stuff\libs\libopencv_imgproc244.dll
0x000000006b580000 - 0x000000006b855000 	C:\useful stuff\libs\libopencv_core244.dll
0x000000000eb50000 - 0x000000000ed40000 	C:\useful stuff\libs\libopencv_highgui244.dll
0x000007fefb900000 - 0x000007fefb917000 	C:\Windows\system32\AVICAP32.dll
0x000007fefb8d0000 - 0x000007fefb8f9000 	C:\Windows\system32\MSVFW32.dll
0x000007fefb920000 - 0x000007fefb93f000 	C:\Windows\system32\AVIFIL32.dll
0x000007fef93c0000 - 0x000007fef93d8000 	C:\Windows\system32\MSACM32.dll
0x000007fef5d00000 - 0x000007fef5e25000 	C:\Windows\system32\dbghelp.dll

VM Arguments:
jvm_args: -Dfile.encoding=Cp1252 
java_command: test.Youtube
java_class_path (initial): C:\useful stuff\eclipse workspace\Sikuli\bin;C:\useful stuff\sikuli-ide.jar;C:\useful stuff\sikuli-setup.jar;C:\useful stuff\selenium-2.47.1\libs\apache-mime4j-0.6.jar;C:\useful stuff\selenium-2.47.1\libs\bsh-1.3.0.jar;C:\useful stuff\selenium-2.47.1\libs\cglib-nodep-2.1_3.jar;C:\useful stuff\selenium-2.47.1\libs\commons-codec-1.10.jar;C:\useful stuff\selenium-2.47.1\libs\commons-collections-3.2.1.jar;C:\useful stuff\selenium-2.47.1\libs\commons-exec-1.3.jar;C:\useful stuff\selenium-2.47.1\libs\commons-io-2.4.jar;C:\useful stuff\selenium-2.47.1\libs\commons-lang3-3.4.jar;C:\useful stuff\selenium-2.47.1\libs\commons-logging-1.1.3.jar;C:\useful stuff\selenium-2.47.1\libs\cssparser-0.9.16.jar;C:\useful stuff\selenium-2.47.1\libs\gson-2.3.1.jar;C:\useful stuff\selenium-2.47.1\libs\guava-18.0.jar;C:\useful stuff\selenium-2.47.1\libs\hamcrest-core-1.3.jar;C:\useful stuff\selenium-2.47.1\libs\hamcrest-library-1.3.jar;C:\useful stuff\selenium-2.47.1\libs\htmlunit-2.17.jar;C:\useful stuff\selenium-2.47.1\libs\htmlunit-core-js-2.17.jar;C:\useful stuff\selenium-2.47.1\libs\httpclient-4.4.1.jar;C:\useful stuff\selenium-2.47.1\libs\httpcore-4.4.1.jar;C:\useful stuff\selenium-2.47.1\libs\httpmime-4.4.1.jar;C:\useful stuff\selenium-2.47.1\libs\jcommander-1.29.jar;C:\useful stuff\selenium-2.47.1\libs\jetty-io-9.2.11.v20150529.jar;C:\useful stuff\selenium-2.47.1\libs\jetty-util-9.2.11.v20150529.jar;C:\useful stuff\selenium-2.47.1\libs\jna-4.1.0.jar;C:\useful stuff\selenium-2.47.1\libs\jna-platform-4.1.0.jar;C:\useful stuff\selenium-2.47.1\libs\junit-4.12.jar;C:\useful stuff\selenium-2.47.1\libs\nekohtml-1.9.22.jar;C:\useful stuff\selenium-2.47.1\libs\netty-3.5.7.Final.jar;C:\useful stuff\selenium-2.47.1\libs\phantomjsdriver-1.2.1.jar;C:\useful stuff\selenium-2.47.1\libs\sac-1.3.jar;C:\useful stuff\selenium-2.47.1\libs\serializer-2.7.2.jar;C:\useful stuff\selenium-2.47.1\libs\testng-6.8.5.jar;C:\useful stuff\selenium-2.47.1\libs\websocket-api-9.2.11.v2015
Launcher Type: SUN_STANDARD

Environment Variables:
JAVA_HOME=C:\Program Files\Java\jdk1.8.0_51
PATH=C:/Program Files/Java/jdk1.8.0_51/bin/../jre/bin/server;C:/Program Files/Java/jdk1.8.0_51/bin/../jre/bin;C:/Program Files/Java/jdk1.8.0_51/bin/../jre/lib/amd64;C:\Program Files\Java\jdk1.8.0_51/bin;C:\PROGRA~2\ALIENB~1\Client\APPLIC~1\Tools;C:\PROGRA~2\ALIENB~1\Client\APPLIC~1\Bin;C:\Windows\System32;C:\useful stuff\libs;C:\Users\user\Downloads\libs;C:\useful stuff\Eclipse;
USERNAME=user
OS=Windows_NT
PROCESSOR_IDENTIFIER=Intel64 Family 6 Model 42 Stepping 7, GenuineIntel



---------------  S Y S T E M  ---------------

OS: Windows 7 , 64 bit Build 7601 (6.1.7601.18869)

CPU:total 8 (4 cores per cpu, 2 threads per core) family 6 model 42 stepping 7, cmov, cx8, fxsr, mmx, sse, sse2, sse3, ssse3, sse4.1, sse4.2, popcnt, avx, aes, clmul, ht, tsc, tscinvbit

Memory: 4k page, physical 8280884k(4165192k free), swap 16559932k(11242388k free)

vm_info: Java HotSpot(TM) 64-Bit Server VM (25.51-b03) for windows-amd64 JRE (1.8.0_51-b16), built on Jun  8 2015 18:03:07 by "java_re" with MS VC++ 10.0 (VS2010)

time: Wed Aug 12 19:50:50 2015
elapsed time: 3 seconds (0d 0h 0m 3s)

